<?xml version="1.0" encoding="UTF-8"?>
<coverage generated="1784445395373" clover="3.2.0">
  <project timestamp="1784445395373" name="All files">
    <metrics statements="73" coveredstatements="66" conditionals="51" coveredconditionals="43" methods="40" coveredmethods="34" elements="164" coveredelements="143" complexity="0" loc="73" ncloc="73" packages="4" files="10" classes="10"/>
    <package name="components">
      <metrics statements="28" coveredstatements="23" conditionals="30" coveredconditionals="25" methods="14" coveredmethods="11"/>
      <file name="AddInternForm.tsx" path="C:\Users\M. Mohamed Al Favaj\OneDrive\Desktop\Java-Script-Training\react\session4\src\components\AddInternForm.tsx">
        <metrics statements="6" coveredstatements="6" conditionals="4" coveredconditionals="4" methods="2" coveredmethods="2"/>
        <line num="11" count="45" type="stmt"/>
        <line num="16" count="45" type="stmt"/>
        <line num="19" count="4" type="cond" truecount="2" falsecount="0"/>
        <line num="21" count="1" type="stmt"/>
        <line num="26" count="1" type="stmt"/>
        <line num="29" count="45" type="stmt"/>
      </file>
      <file name="InternListWithCallback.tsx" path="C:\Users\M. Mohamed Al Favaj\OneDrive\Desktop\Java-Script-Training\react\session4\src\components\InternListWithCallback.tsx">
        <metrics statements="10" coveredstatements="5" conditionals="4" coveredconditionals="2" methods="5" coveredmethods="2"/>
        <line num="12" count="2" type="stmt"/>
        <line num="18" count="2" type="stmt"/>
        <line num="20" count="2" type="stmt"/>
        <line num="22" count="2" type="stmt"/>
        <line num="36" count="1" type="stmt"/>
        <line num="46" count="0" type="stmt"/>
        <line num="51" count="0" type="stmt"/>
        <line num="53" count="0" type="stmt"/>
        <line num="58" count="0" type="stmt"/>
        <line num="63" count="0" type="stmt"/>
      </file>
      <file name="Navbar.tsx" path="C:\Users\M. Mohamed Al Favaj\OneDrive\Desktop\Java-Script-Training\react\session4\src\components\Navbar.tsx">
        <metrics statements="2" coveredstatements="2" conditionals="6" coveredconditionals="6" methods="1" coveredmethods="1"/>
        <line num="4" count="5" type="stmt"/>
        <line num="6" count="5" type="stmt"/>
      </file>
      <file name="ScoreStats.tsx" path="C:\Users\M. Mohamed Al Favaj\OneDrive\Desktop\Java-Script-Training\react\session4\src\components\ScoreStats.tsx">
        <metrics statements="8" coveredstatements="8" conditionals="6" coveredconditionals="6" methods="5" coveredmethods="5"/>
        <line num="5" count="6" type="stmt"/>
        <line num="11" count="6" type="stmt"/>
        <line num="12" count="6" type="stmt"/>
        <line num="14" count="9" type="stmt"/>
        <line num="16" count="6" type="stmt"/>
        <line num="24" count="9" type="stmt"/>
        <line num="29" count="9" type="stmt"/>
        <line num="33" count="6" type="stmt"/>
      </file>
      <file name="ThemedCard.tsx" path="C:\Users\M. Mohamed Al Favaj\OneDrive\Desktop\Java-Script-Training\react\session4\src\components\ThemedCard.tsx">
        <metrics statements="2" coveredstatements="2" conditionals="10" coveredconditionals="7" methods="1" coveredmethods="1"/>
        <line num="9" count="9" type="stmt"/>
        <line num="11" count="9" type="stmt"/>
      </file>
    </package>
    <package name="contexts">
      <metrics statements="22" coveredstatements="20" conditionals="6" coveredconditionals="4" methods="13" coveredmethods="10"/>
      <file name="intern-context.tsx" path="C:\Users\M. Mohamed Al Favaj\OneDrive\Desktop\Java-Script-Training\react\session4\src\contexts\intern-context.tsx">
        <metrics statements="14" coveredstatements="13" conditionals="2" coveredconditionals="2" methods="9" coveredmethods="6"/>
        <line num="24" count="8" type="stmt"/>
        <line num="30" count="26" type="stmt"/>
        <line num="31" count="26" type="stmt"/>
        <line num="33" count="26" type="stmt"/>
        <line num="34" count="24" type="stmt"/>
        <line num="35" count="5" type="stmt"/>
        <line num="66" count="5" type="stmt"/>
        <line num="71" count="1" type="stmt"/>
        <line num="75" count="0" type="stmt"/>
        <line num="78" count="26" type="stmt"/>
        <line num="93" count="50" type="stmt"/>
        <line num="95" count="50" type="cond" truecount="2" falsecount="0"/>
        <line num="96" count="2" type="stmt"/>
        <line num="99" count="48" type="stmt"/>
      </file>
      <file name="theme-context.tsx" path="C:\Users\M. Mohamed Al Favaj\OneDrive\Desktop\Java-Script-Training\react\session4\src\contexts\theme-context.tsx">
        <metrics statements="8" coveredstatements="7" conditionals="4" coveredconditionals="2" methods="4" coveredmethods="4"/>
        <line num="13" count="7" type="stmt"/>
        <line num="16" count="26" type="stmt"/>
        <line num="19" count="1" type="cond" truecount="1" falsecount="1"/>
        <line num="22" count="26" type="stmt"/>
        <line num="30" count="16" type="stmt"/>
        <line num="32" count="16" type="cond" truecount="1" falsecount="1"/>
        <line num="33" count="0" type="stmt"/>
        <line num="35" count="16" type="stmt"/>
      </file>
    </package>
    <package name="hooks">
      <metrics statements="21" coveredstatements="21" conditionals="15" coveredconditionals="14" methods="11" coveredmethods="11"/>
      <file name="useCounter.ts" path="C:\Users\M. Mohamed Al Favaj\OneDrive\Desktop\Java-Script-Training\react\session4\src\hooks\useCounter.ts">
        <metrics statements="5" coveredstatements="5" conditionals="5" coveredconditionals="5" methods="6" coveredmethods="6"/>
        <line num="27" count="8" type="stmt"/>
        <line num="30" count="3" type="stmt"/>
        <line num="34" count="1" type="stmt"/>
        <line num="38" count="1" type="stmt"/>
        <line num="41" count="8" type="stmt"/>
      </file>
      <file name="useInternForm.ts" path="C:\Users\M. Mohamed Al Favaj\OneDrive\Desktop\Java-Script-Training\react\session4\src\hooks\useInternForm.ts">
        <metrics statements="16" coveredstatements="16" conditionals="10" coveredconditionals="9" methods="5" coveredmethods="5"/>
        <line num="20" count="3" type="stmt"/>
        <line num="31" count="63" type="stmt"/>
        <line num="32" count="63" type="stmt"/>
        <line num="37" count="36" type="stmt"/>
        <line num="39" count="36" type="stmt"/>
        <line num="51" count="4" type="stmt"/>
        <line num="52" count="4" type="stmt"/>
        <line num="56" count="9" type="cond" truecount="2" falsecount="0"/>
        <line num="57" count="4" type="stmt"/>
        <line num="58" count="4" type="stmt"/>
        <line num="61" count="5" type="cond" truecount="4" falsecount="0"/>
        <line num="62" count="1" type="stmt"/>
        <line num="63" count="1" type="stmt"/>
        <line num="66" count="4" type="stmt"/>
        <line num="67" count="4" type="stmt"/>
        <line num="70" count="63" type="stmt"/>
      </file>
    </package>
    <package name="test">
      <metrics statements="2" coveredstatements="2" conditionals="0" coveredconditionals="0" methods="2" coveredmethods="2"/>
      <file name="test-utils.tsx" path="C:\Users\M. Mohamed Al Favaj\OneDrive\Desktop\Java-Script-Training\react\session4\src\test\test-utils.tsx">
        <metrics statements="2" coveredstatements="2" conditionals="0" coveredconditionals="0" methods="2" coveredmethods="2"/>
        <line num="9" count="24" type="stmt"/>
        <line num="19" count="24" type="stmt"/>
      </file>
    </package>
  </project>
</coverage>
