<?xml version="1.0" encoding="UTF-8"?>
<coverage generated="1785918829279" clover="3.2.0">
  <project timestamp="1785918829279" name="All files">
    <metrics statements="126" coveredstatements="126" conditionals="75" coveredconditionals="75" methods="56" coveredmethods="56" elements="257" coveredelements="257" complexity="0" loc="126" ncloc="126" packages="6" files="11" classes="11"/>
    <package name="components">
      <metrics statements="10" coveredstatements="10" conditionals="6" coveredconditionals="6" methods="7" coveredmethods="7"/>
      <file name="ScoreStats.tsx" path="C:\Users\M. Mohamed Al Favaj\OneDrive\Desktop\Java-Script-Training\react\session4\src\components\ScoreStats.tsx">
        <metrics statements="10" coveredstatements="10" conditionals="6" coveredconditionals="6" methods="7" coveredmethods="7"/>
        <line num="18" count="6" type="stmt"/>
        <line num="20" count="3" type="stmt"/>
        <line num="28" count="6" type="stmt"/>
        <line num="33" count="6" type="stmt"/>
        <line num="44" count="3" type="stmt"/>
        <line num="66" count="2" type="stmt"/>
        <line num="72" count="2" type="stmt"/>
        <line num="73" count="2" type="stmt"/>
        <line num="75" count="2" type="stmt"/>
        <line num="78" count="2" type="stmt"/>
      </file>
    </package>
    <package name="contexts">
      <metrics statements="32" coveredstatements="32" conditionals="21" coveredconditionals="21" methods="12" coveredmethods="12"/>
      <file name="intern-context.tsx" path="C:\Users\M. Mohamed Al Favaj\OneDrive\Desktop\Java-Script-Training\react\session4\src\contexts\intern-context.tsx">
        <metrics statements="32" coveredstatements="32" conditionals="21" coveredconditionals="21" methods="12" coveredmethods="12"/>
        <line num="36" count="2" type="stmt"/>
        <line num="68" count="8" type="cond" truecount="2" falsecount="0"/>
        <line num="69" count="1" type="stmt"/>
        <line num="74" count="7" type="stmt"/>
        <line num="75" count="12" type="cond" truecount="4" falsecount="0"/>
        <line num="76" count="1" type="stmt"/>
        <line num="81" count="11" type="stmt"/>
        <line num="83" count="11" type="cond" truecount="2" falsecount="0"/>
        <line num="87" count="1" type="stmt"/>
        <line num="92" count="10" type="cond" truecount="2" falsecount="0"/>
        <line num="97" count="1" type="stmt"/>
        <line num="102" count="9" type="stmt"/>
        <line num="106" count="2" type="stmt"/>
        <line num="116" count="15" type="stmt"/>
        <line num="117" count="15" type="stmt"/>
        <line num="119" count="15" type="stmt"/>
        <line num="122" count="8" type="stmt"/>
        <line num="124" count="8" type="stmt"/>
        <line num="125" count="8" type="stmt"/>
        <line num="128" count="9" type="cond" truecount="2" falsecount="0"/>
        <line num="129" count="7" type="stmt"/>
        <line num="130" count="7" type="stmt"/>
        <line num="133" count="2" type="stmt"/>
        <line num="135" count="2" type="stmt"/>
        <line num="139" count="1" type="stmt"/>
        <line num="143" count="1" type="stmt"/>
        <line num="144" count="5" type="stmt"/>
        <line num="148" count="15" type="stmt"/>
        <line num="163" count="20" type="stmt"/>
        <line num="165" count="20" type="cond" truecount="2" falsecount="0"/>
        <line num="166" count="2" type="stmt"/>
        <line num="171" count="17" type="stmt"/>
      </file>
    </package>
    <package name="hooks">
      <metrics statements="31" coveredstatements="31" conditionals="13" coveredconditionals="13" methods="13" coveredmethods="13"/>
      <file name="useInternForm.ts" path="C:\Users\M. Mohamed Al Favaj\OneDrive\Desktop\Java-Script-Training\react\session4\src\hooks\useInternForm.ts">
        <metrics statements="23" coveredstatements="23" conditionals="12" coveredconditionals="12" methods="8" coveredmethods="8"/>
        <line num="39" count="1" type="stmt"/>
        <line num="47" count="1" type="stmt"/>
        <line num="54" count="8" type="cond" truecount="2" falsecount="0"/>
        <line num="55" count="1" type="stmt"/>
        <line num="58" count="7" type="cond" truecount="2" falsecount="0"/>
        <line num="59" count="2" type="stmt"/>
        <line num="62" count="5" type="stmt"/>
        <line num="72" count="22" type="stmt"/>
        <line num="73" count="22" type="stmt"/>
        <line num="78" count="8" type="stmt"/>
        <line num="80" count="8" type="stmt"/>
        <line num="87" count="3" type="stmt"/>
        <line num="88" count="3" type="stmt"/>
        <line num="92" count="6" type="stmt"/>
        <line num="94" count="6" type="cond" truecount="2" falsecount="0"/>
        <line num="96" count="6" type="stmt"/>
        <line num="100" count="3" type="cond" truecount="2" falsecount="0"/>
        <line num="101" count="1" type="stmt"/>
        <line num="104" count="2" type="cond" truecount="2" falsecount="0"/>
        <line num="105" count="1" type="stmt"/>
        <line num="111" count="2" type="stmt"/>
        <line num="112" count="2" type="stmt"/>
        <line num="115" count="22" type="stmt"/>
      </file>
      <file name="useInternSearch.ts" path="C:\Users\M. Mohamed Al Favaj\OneDrive\Desktop\Java-Script-Training\react\session4\src\hooks\useInternSearch.ts">
        <metrics statements="8" coveredstatements="8" conditionals="1" coveredconditionals="1" methods="5" coveredmethods="5"/>
        <line num="45" count="1" type="stmt"/>
        <line num="52" count="2" type="stmt"/>
        <line num="54" count="2" type="stmt"/>
        <line num="55" count="2" type="stmt"/>
        <line num="59" count="2" type="stmt"/>
        <line num="60" count="1" type="stmt"/>
        <line num="62" count="2" type="stmt"/>
        <line num="68" count="2" type="stmt"/>
      </file>
    </package>
    <package name="repositories">
      <metrics statements="10" coveredstatements="10" conditionals="2" coveredconditionals="2" methods="9" coveredmethods="9"/>
      <file name="intern-repository.ts" path="C:\Users\M. Mohamed Al Favaj\OneDrive\Desktop\Java-Script-Training\react\session4\src\repositories\intern-repository.ts">
        <metrics statements="10" coveredstatements="10" conditionals="2" coveredconditionals="2" methods="9" coveredmethods="9"/>
        <line num="5" count="13" type="stmt"/>
        <line num="7" count="13" type="stmt"/>
        <line num="8" count="8" type="stmt"/>
        <line num="11" count="13" type="stmt"/>
        <line num="12" count="2" type="stmt"/>
        <line num="15" count="13" type="stmt"/>
        <line num="16" count="2" type="stmt"/>
        <line num="17" count="2" type="stmt"/>
        <line num="18" count="3" type="cond" truecount="2" falsecount="0"/>
        <line num="23" count="13" type="stmt"/>
      </file>
    </package>
    <package name="services">
      <metrics statements="23" coveredstatements="23" conditionals="19" coveredconditionals="19" methods="7" coveredmethods="7"/>
      <file name="intern-service.ts" path="C:\Users\M. Mohamed Al Favaj\OneDrive\Desktop\Java-Script-Training\react\session4\src\services\intern-service.ts">
        <metrics statements="23" coveredstatements="23" conditionals="19" coveredconditionals="19" methods="7" coveredmethods="7"/>
        <line num="12" count="1" type="stmt"/>
        <line num="24" count="15" type="cond" truecount="4" falsecount="0"/>
        <line num="25" count="1" type="stmt"/>
        <line num="28" count="14" type="stmt"/>
        <line num="33" count="14" type="stmt"/>
        <line num="38" count="14" type="cond" truecount="2" falsecount="0"/>
        <line num="39" count="4" type="stmt"/>
        <line num="42" count="8" type="cond" truecount="4" falsecount="0"/>
        <line num="43" count="3" type="stmt"/>
        <line num="46" count="5" type="stmt"/>
        <line num="49" count="3" type="cond" truecount="2" falsecount="0"/>
        <line num="50" count="1" type="stmt"/>
        <line num="53" count="2" type="stmt"/>
        <line num="54" count="4" type="stmt"/>
        <line num="58" count="2" type="stmt"/>
        <line num="64" count="3" type="cond" truecount="2" falsecount="0"/>
        <line num="72" count="4" type="stmt"/>
        <line num="74" count="4" type="cond" truecount="2" falsecount="0"/>
        <line num="75" count="1" type="stmt"/>
        <line num="78" count="3" type="stmt"/>
        <line num="79" count="6" type="stmt"/>
        <line num="85" count="3" type="stmt"/>
        <line num="90" count="3" type="stmt"/>
      </file>
    </package>
    <package name="utils">
      <metrics statements="20" coveredstatements="20" conditionals="14" coveredconditionals="14" methods="8" coveredmethods="8"/>
      <file name="assert.ts" path="C:\Users\M. Mohamed Al Favaj\OneDrive\Desktop\Java-Script-Training\react\session4\src\utils\assert.ts">
        <metrics statements="2" coveredstatements="2" conditionals="2" coveredconditionals="2" methods="1" coveredmethods="1"/>
        <line num="5" count="32" type="cond" truecount="2" falsecount="0"/>
        <line num="6" count="3" type="stmt"/>
      </file>
      <file name="generate-id.ts" path="C:\Users\M. Mohamed Al Favaj\OneDrive\Desktop\Java-Script-Training\react\session4\src\utils\generate-id.ts">
        <metrics statements="3" coveredstatements="3" conditionals="2" coveredconditionals="2" methods="3" coveredmethods="3"/>
        <line num="2" count="1" type="cond" truecount="1" falsecount="0"/>
        <line num="3" count="1" type="cond" truecount="1" falsecount="0"/>
        <line num="5" count="4" type="stmt"/>
      </file>
      <file name="intern-request.ts" path="C:\Users\M. Mohamed Al Favaj\OneDrive\Desktop\Java-Script-Training\react\session4\src\utils\intern-request.ts">
        <metrics statements="1" coveredstatements="1" conditionals="0" coveredconditionals="0" methods="1" coveredmethods="1"/>
        <line num="12" count="1" type="stmt"/>
      </file>
      <file name="intern-utils.ts" path="C:\Users\M. Mohamed Al Favaj\OneDrive\Desktop\Java-Script-Training\react\session4\src\utils\intern-utils.ts">
        <metrics statements="7" coveredstatements="7" conditionals="4" coveredconditionals="4" methods="2" coveredmethods="2"/>
        <line num="10" count="5" type="stmt"/>
        <line num="12" count="5" type="cond" truecount="2" falsecount="0"/>
        <line num="13" count="1" type="stmt"/>
        <line num="16" count="4" type="stmt"/>
        <line num="17" count="12" type="stmt"/>
        <line num="18" count="12" type="stmt"/>
        <line num="20" count="12" type="cond" truecount="2" falsecount="0"/>
      </file>
      <file name="intern-validation.ts" path="C:\Users\M. Mohamed Al Favaj\OneDrive\Desktop\Java-Script-Training\react\session4\src\utils\intern-validation.ts">
        <metrics statements="7" coveredstatements="7" conditionals="6" coveredconditionals="6" methods="1" coveredmethods="1"/>
        <line num="6" count="1" type="stmt"/>
        <line num="7" count="1" type="stmt"/>
        <line num="13" count="7" type="cond" truecount="2" falsecount="0"/>
        <line num="14" count="2" type="stmt"/>
        <line num="17" count="5" type="cond" truecount="4" falsecount="0"/>
        <line num="18" count="2" type="stmt"/>
        <line num="21" count="3" type="stmt"/>
      </file>
    </package>
  </project>
</coverage>
