{"C:\\Users\\M. Mohamed Al Favaj\\OneDrive\\Desktop\\Java-Script-Training\\react\\session4\\src\\components\\ScoreStats.tsx": {"path":"C:\\Users\\M. Mohamed Al Favaj\\OneDrive\\Desktop\\Java-Script-Training\\react\\session4\\src\\components\\ScoreStats.tsx","statementMap":{"0":{"start":{"line":18,"column":17},"end":{"line":18,"column":null}},"1":{"start":{"line":18,"column":41},"end":{"line":18,"column":53}},"2":{"start":{"line":20,"column":2},"end":{"line":34,"column":null}},"3":{"start":{"line":28,"column":42},"end":{"line":28,"column":55}},"4":{"start":{"line":33,"column":40},"end":{"line":33,"column":58}},"5":{"start":{"line":44,"column":2},"end":{"line":61,"column":null}},"6":{"start":{"line":66,"column":22},"end":{"line":66,"column":33}},"7":{"start":{"line":72,"column":16},"end":{"line":76,"column":null}},"8":{"start":{"line":73,"column":4},"end":{"line":73,"column":null}},"9":{"start":{"line":75,"column":4},"end":{"line":75,"column":null}},"10":{"start":{"line":78,"column":2},"end":{"line":85,"column":null}}},"fnMap":{"0":{"name":"calculateScoreStats","decl":{"start":{"line":15,"column":16},"end":{"line":15,"column":null}},"loc":{"start":{"line":17,"column":18},"end":{"line":35,"column":null}},"line":17},"1":{"name":"(anonymous_1)","decl":{"start":{"line":18,"column":25},"end":{"line":18,"column":30}},"loc":{"start":{"line":18,"column":41},"end":{"line":18,"column":53}},"line":18},"2":{"name":"(anonymous_2)","decl":{"start":{"line":28,"column":19},"end":{"line":28,"column":27}},"loc":{"start":{"line":28,"column":42},"end":{"line":28,"column":55}},"line":28},"3":{"name":"(anonymous_3)","decl":{"start":{"line":33,"column":21},"end":{"line":33,"column":29}},"loc":{"start":{"line":33,"column":40},"end":{"line":33,"column":58}},"line":33},"4":{"name":"ScoreStatsView","decl":{"start":{"line":37,"column":16},"end":{"line":37,"column":31}},"loc":{"start":{"line":43,"column":24},"end":{"line":63,"column":null}},"line":43},"5":{"name":"ScoreStats","decl":{"start":{"line":65,"column":9},"end":{"line":65,"column":22}},"loc":{"start":{"line":65,"column":22},"end":{"line":87,"column":null}},"line":65},"6":{"name":"(anonymous_6)","decl":{"start":{"line":72,"column":16},"end":{"line":72,"column":30}},"loc":{"start":{"line":72,"column":30},"end":{"line":76,"column":5}},"line":72}},"branchMap":{"0":{"loc":{"start":{"line":21,"column":13},"end":{"line":21,"column":null}},"type":"cond-expr","locations":[{"start":{"line":21,"column":33},"end":{"line":21,"column":55}},{"start":{"line":21,"column":55},"end":{"line":21,"column":null}}],"line":21},"1":{"loc":{"start":{"line":23,"column":12},"end":{"line":23,"column":null}},"type":"cond-expr","locations":[{"start":{"line":23,"column":32},"end":{"line":23,"column":54}},{"start":{"line":23,"column":54},"end":{"line":23,"column":null}}],"line":23},"2":{"loc":{"start":{"line":26,"column":6},"end":{"line":31,"column":null}},"type":"cond-expr","locations":[{"start":{"line":27,"column":10},"end":{"line":30,"column":null}},{"start":{"line":31,"column":10},"end":{"line":31,"column":null}}],"line":26}},"s":{"0":3,"1":6,"2":3,"3":6,"4":6,"5":3,"6":2,"7":2,"8":2,"9":2,"10":2},"f":{"0":3,"1":6,"2":6,"3":6,"4":3,"5":2,"6":2},"b":{"0":[2,1],"1":[2,1],"2":[2,1]},"meta":{"lastBranch":3,"lastFunction":7,"lastStatement":11,"seen":{"f:15:16:15:Infinity":0,"s:18:17:18:Infinity":0,"f:18:25:18:30":1,"s:18:41:18:53":1,"s:20:2:34:Infinity":2,"b:21:33:21:55:21:55:21:Infinity":0,"b:23:32:23:54:23:54:23:Infinity":1,"b:27:10:30:Infinity:31:10:31:Infinity":2,"f:28:19:28:27":2,"s:28:42:28:55":3,"f:33:21:33:29":3,"s:33:40:33:58":4,"f:37:16:37:31":4,"s:44:2:61:Infinity":5,"f:65:9:65:22":5,"s:66:22:66:33":6,"s:72:16:76:Infinity":7,"f:72:16:72:30":6,"s:73:4:73:Infinity":8,"s:75:4:75:Infinity":9,"s:78:2:85:Infinity":10},"fnNames":{}}}
,"C:\\Users\\M. Mohamed Al Favaj\\OneDrive\\Desktop\\Java-Script-Training\\react\\session4\\src\\contexts\\intern-context.tsx": {"path":"C:\\Users\\M. Mohamed Al Favaj\\OneDrive\\Desktop\\Java-Script-Training\\react\\session4\\src\\contexts\\intern-context.tsx","statementMap":{"0":{"start":{"line":36,"column":40},"end":{"line":65,"column":null}},"1":{"start":{"line":68,"column":2},"end":{"line":72,"column":null}},"2":{"start":{"line":69,"column":4},"end":{"line":71,"column":null}},"3":{"start":{"line":74,"column":2},"end":{"line":103,"column":null}},"4":{"start":{"line":75,"column":4},"end":{"line":79,"column":null}},"5":{"start":{"line":76,"column":6},"end":{"line":78,"column":null}},"6":{"start":{"line":81,"column":19},"end":{"line":81,"column":null}},"7":{"start":{"line":83,"column":4},"end":{"line":90,"column":null}},"8":{"start":{"line":87,"column":6},"end":{"line":89,"column":null}},"9":{"start":{"line":92,"column":4},"end":{"line":100,"column":null}},"10":{"start":{"line":97,"column":6},"end":{"line":99,"column":null}},"11":{"start":{"line":102,"column":4},"end":{"line":102,"column":null}},"12":{"start":{"line":106,"column":22},"end":{"line":106,"column":null}},"13":{"start":{"line":116,"column":32},"end":{"line":116,"column":null}},"14":{"start":{"line":117,"column":36},"end":{"line":117,"column":null}},"15":{"start":{"line":119,"column":2},"end":{"line":136,"column":null}},"16":{"start":{"line":122,"column":8},"end":{"line":122,"column":null}},"17":{"start":{"line":124,"column":6},"end":{"line":124,"column":null}},"18":{"start":{"line":125,"column":6},"end":{"line":125,"column":null}},"19":{"start":{"line":128,"column":4},"end":{"line":131,"column":null}},"20":{"start":{"line":129,"column":6},"end":{"line":129,"column":null}},"21":{"start":{"line":130,"column":6},"end":{"line":130,"column":null}},"22":{"start":{"line":133,"column":22},"end":{"line":133,"column":null}},"23":{"start":{"line":135,"column":4},"end":{"line":135,"column":null}},"24":{"start":{"line":135,"column":17},"end":{"line":135,"column":null}},"25":{"start":{"line":139,"column":4},"end":{"line":139,"column":null}},"26":{"start":{"line":139,"column":25},"end":{"line":139,"column":42}},"27":{"start":{"line":143,"column":4},"end":{"line":145,"column":null}},"28":{"start":{"line":144,"column":6},"end":{"line":144,"column":null}},"29":{"start":{"line":144,"column":30},"end":{"line":144,"column":46}},"30":{"start":{"line":148,"column":2},"end":{"line":158,"column":null}},"31":{"start":{"line":163,"column":18},"end":{"line":163,"column":null}},"32":{"start":{"line":165,"column":2},"end":{"line":169,"column":null}},"33":{"start":{"line":166,"column":4},"end":{"line":168,"column":null}},"34":{"start":{"line":171,"column":2},"end":{"line":171,"column":null}}},"fnMap":{"0":{"name":"validateInternResponse","decl":{"start":{"line":67,"column":9},"end":{"line":67,"column":32}},"loc":{"start":{"line":67,"column":57},"end":{"line":104,"column":null}},"line":67},"1":{"name":"(anonymous_1)","decl":{"start":{"line":74,"column":14},"end":{"line":74,"column":19}},"loc":{"start":{"line":74,"column":35},"end":{"line":103,"column":3}},"line":74},"2":{"name":"InternProvider","decl":{"start":{"line":111,"column":16},"end":{"line":111,"column":31}},"loc":{"start":{"line":115,"column":24},"end":{"line":160,"column":null}},"line":115},"3":{"name":"(anonymous_3)","decl":{"start":{"line":119,"column":2},"end":{"line":119,"column":18}},"loc":{"start":{"line":119,"column":18},"end":{"line":136,"column":5}},"line":119},"4":{"name":"loadInterns","decl":{"start":{"line":120,"column":13},"end":{"line":120,"column":33}},"loc":{"start":{"line":120,"column":33},"end":{"line":126,"column":null}},"line":120},"5":{"name":"(anonymous_5)","decl":{"start":{"line":135,"column":4},"end":{"line":135,"column":17}},"loc":{"start":{"line":135,"column":17},"end":{"line":135,"column":null}},"line":135},"6":{"name":"addIntern","decl":{"start":{"line":138,"column":11},"end":{"line":138,"column":21}},"loc":{"start":{"line":138,"column":43},"end":{"line":140,"column":null}},"line":138},"7":{"name":"(anonymous_7)","decl":{"start":{"line":139,"column":4},"end":{"line":139,"column":16}},"loc":{"start":{"line":139,"column":25},"end":{"line":139,"column":42}},"line":139},"8":{"name":"removeIntern","decl":{"start":{"line":142,"column":11},"end":{"line":142,"column":24}},"loc":{"start":{"line":142,"column":42},"end":{"line":146,"column":null}},"line":142},"9":{"name":"(anonymous_9)","decl":{"start":{"line":143,"column":4},"end":{"line":143,"column":16}},"loc":{"start":{"line":144,"column":6},"end":{"line":144,"column":null}},"line":144},"10":{"name":"(anonymous_10)","decl":{"start":{"line":144,"column":11},"end":{"line":144,"column":19}},"loc":{"start":{"line":144,"column":30},"end":{"line":144,"column":46}},"line":144},"11":{"name":"useInterns","decl":{"start":{"line":162,"column":16},"end":{"line":162,"column":48}},"loc":{"start":{"line":162,"column":48},"end":{"line":172,"column":null}},"line":162}},"branchMap":{"0":{"loc":{"start":{"line":68,"column":2},"end":{"line":72,"column":null}},"type":"if","locations":[{"start":{"line":68,"column":2},"end":{"line":72,"column":null}},{"start":{},"end":{}}],"line":68},"1":{"loc":{"start":{"line":75,"column":4},"end":{"line":79,"column":null}},"type":"if","locations":[{"start":{"line":75,"column":4},"end":{"line":79,"column":null}},{"start":{},"end":{}}],"line":75},"2":{"loc":{"start":{"line":75,"column":8},"end":{"line":75,"column":51}},"type":"binary-expr","locations":[{"start":{"line":75,"column":8},"end":{"line":75,"column":36}},{"start":{"line":75,"column":36},"end":{"line":75,"column":51}}],"line":75},"3":{"loc":{"start":{"line":83,"column":4},"end":{"line":90,"column":null}},"type":"if","locations":[{"start":{"line":83,"column":4},"end":{"line":90,"column":null}},{"start":{},"end":{}}],"line":83},"4":{"loc":{"start":{"line":84,"column":6},"end":{"line":85,"column":null}},"type":"binary-expr","locations":[{"start":{"line":84,"column":6},"end":{"line":84,"column":null}},{"start":{"line":85,"column":6},"end":{"line":85,"column":null}}],"line":84},"5":{"loc":{"start":{"line":92,"column":4},"end":{"line":100,"column":null}},"type":"if","locations":[{"start":{"line":92,"column":4},"end":{"line":100,"column":null}},{"start":{},"end":{}}],"line":92},"6":{"loc":{"start":{"line":93,"column":6},"end":{"line":95,"column":null}},"type":"binary-expr","locations":[{"start":{"line":93,"column":6},"end":{"line":93,"column":null}},{"start":{"line":94,"column":6},"end":{"line":94,"column":null}},{"start":{"line":95,"column":6},"end":{"line":95,"column":null}}],"line":93},"7":{"loc":{"start":{"line":113,"column":2},"end":{"line":113,"column":null}},"type":"default-arg","locations":[{"start":{"line":113,"column":19},"end":{"line":113,"column":null}}],"line":113},"8":{"loc":{"start":{"line":114,"column":2},"end":{"line":114,"column":null}},"type":"default-arg","locations":[{"start":{"line":114,"column":14},"end":{"line":114,"column":null}}],"line":114},"9":{"loc":{"start":{"line":128,"column":4},"end":{"line":131,"column":null}},"type":"if","locations":[{"start":{"line":128,"column":4},"end":{"line":131,"column":null}},{"start":{},"end":{}}],"line":128},"10":{"loc":{"start":{"line":165,"column":2},"end":{"line":169,"column":null}},"type":"if","locations":[{"start":{"line":165,"column":2},"end":{"line":169,"column":null}},{"start":{},"end":{}}],"line":165}},"s":{"0":2,"1":8,"2":1,"3":7,"4":12,"5":1,"6":11,"7":11,"8":1,"9":10,"10":1,"11":9,"12":2,"13":15,"14":15,"15":15,"16":8,"17":8,"18":8,"19":9,"20":7,"21":7,"22":2,"23":2,"24":2,"25":1,"26":1,"27":1,"28":1,"29":5,"30":15,"31":20,"32":20,"33":2,"34":17},"f":{"0":8,"1":12,"2":15,"3":9,"4":8,"5":2,"6":1,"7":1,"8":1,"9":1,"10":5,"11":20},"b":{"0":[1,7],"1":[1,11],"2":[12,12],"3":[1,10],"4":[11,11],"5":[1,9],"6":[10,10,10],"7":[15],"8":[15],"9":[7,2],"10":[2,18]},"meta":{"lastBranch":11,"lastFunction":12,"lastStatement":35,"seen":{"s:36:40:65:Infinity":0,"f:67:9:67:32":0,"b:68:2:72:Infinity:undefined:undefined:undefined:undefined":0,"s:68:2:72:Infinity":1,"s:69:4:71:Infinity":2,"s:74:2:103:Infinity":3,"f:74:14:74:19":1,"b:75:4:79:Infinity:undefined:undefined:undefined:undefined":1,"s:75:4:79:Infinity":4,"b:75:8:75:36:75:36:75:51":2,"s:76:6:78:Infinity":5,"s:81:19:81:Infinity":6,"b:83:4:90:Infinity:undefined:undefined:undefined:undefined":3,"s:83:4:90:Infinity":7,"b:84:6:84:Infinity:85:6:85:Infinity":4,"s:87:6:89:Infinity":8,"b:92:4:100:Infinity:undefined:undefined:undefined:undefined":5,"s:92:4:100:Infinity":9,"b:93:6:93:Infinity:94:6:94:Infinity:95:6:95:Infinity":6,"s:97:6:99:Infinity":10,"s:102:4:102:Infinity":11,"s:106:22:106:Infinity":12,"f:111:16:111:31":2,"b:113:19:113:Infinity":7,"b:114:14:114:Infinity":8,"s:116:32:116:Infinity":13,"s:117:36:117:Infinity":14,"s:119:2:136:Infinity":15,"f:119:2:119:18":3,"f:120:13:120:33":4,"s:122:8:122:Infinity":16,"s:124:6:124:Infinity":17,"s:125:6:125:Infinity":18,"b:128:4:131:Infinity:undefined:undefined:undefined:undefined":9,"s:128:4:131:Infinity":19,"s:129:6:129:Infinity":20,"s:130:6:130:Infinity":21,"s:133:22:133:Infinity":22,"s:135:4:135:Infinity":23,"f:135:4:135:17":5,"s:135:17:135:Infinity":24,"f:138:11:138:21":6,"s:139:4:139:Infinity":25,"f:139:4:139:16":7,"s:139:25:139:42":26,"f:142:11:142:24":8,"s:143:4:145:Infinity":27,"f:143:4:143:16":9,"s:144:6:144:Infinity":28,"f:144:11:144:19":10,"s:144:30:144:46":29,"s:148:2:158:Infinity":30,"f:162:16:162:48":11,"s:163:18:163:Infinity":31,"b:165:2:169:Infinity:undefined:undefined:undefined:undefined":10,"s:165:2:169:Infinity":32,"s:166:4:168:Infinity":33,"s:171:2:171:Infinity":34},"fnNames":{}}}
,"C:\\Users\\M. Mohamed Al Favaj\\OneDrive\\Desktop\\Java-Script-Training\\react\\session4\\src\\hooks\\useInternForm.ts": {"path":"C:\\Users\\M. Mohamed Al Favaj\\OneDrive\\Desktop\\Java-Script-Training\\react\\session4\\src\\hooks\\useInternForm.ts","statementMap":{"0":{"start":{"line":39,"column":37},"end":{"line":44,"column":null}},"1":{"start":{"line":47,"column":2},"end":{"line":47,"column":null}},"2":{"start":{"line":54,"column":2},"end":{"line":56,"column":null}},"3":{"start":{"line":55,"column":4},"end":{"line":55,"column":null}},"4":{"start":{"line":58,"column":2},"end":{"line":60,"column":null}},"5":{"start":{"line":59,"column":4},"end":{"line":59,"column":null}},"6":{"start":{"line":62,"column":2},"end":{"line":62,"column":null}},"7":{"start":{"line":72,"column":26},"end":{"line":72,"column":null}},"8":{"start":{"line":73,"column":28},"end":{"line":73,"column":null}},"9":{"start":{"line":78,"column":21},"end":{"line":78,"column":null}},"10":{"start":{"line":80,"column":4},"end":{"line":83,"column":null}},"11":{"start":{"line":80,"column":23},"end":{"line":83,"column":6}},"12":{"start":{"line":87,"column":4},"end":{"line":87,"column":null}},"13":{"start":{"line":88,"column":4},"end":{"line":88,"column":null}},"14":{"start":{"line":92,"column":32},"end":{"line":92,"column":null}},"15":{"start":{"line":94,"column":4},"end":{"line":94,"column":null}},"16":{"start":{"line":96,"column":4},"end":{"line":96,"column":null}},"17":{"start":{"line":100,"column":4},"end":{"line":102,"column":null}},"18":{"start":{"line":101,"column":6},"end":{"line":101,"column":null}},"19":{"start":{"line":104,"column":4},"end":{"line":109,"column":null}},"20":{"start":{"line":105,"column":6},"end":{"line":108,"column":null}},"21":{"start":{"line":111,"column":4},"end":{"line":111,"column":null}},"22":{"start":{"line":112,"column":4},"end":{"line":112,"column":null}},"23":{"start":{"line":115,"column":2},"end":{"line":122,"column":null}}},"fnMap":{"0":{"name":"defaultGenerateId","decl":{"start":{"line":46,"column":9},"end":{"line":46,"column":37}},"loc":{"start":{"line":46,"column":37},"end":{"line":48,"column":null}},"line":46},"1":{"name":"getInputValue","decl":{"start":{"line":51,"column":9},"end":{"line":51,"column":null}},"loc":{"start":{"line":53,"column":29},"end":{"line":63,"column":null}},"line":53},"2":{"name":"useInternForm","decl":{"start":{"line":68,"column":9},"end":{"line":68,"column":23}},"loc":{"start":{"line":71,"column":51},"end":{"line":123,"column":null}},"line":71},"3":{"name":"handleChange","decl":{"start":{"line":75,"column":11},"end":{"line":75,"column":null}},"loc":{"start":{"line":77,"column":10},"end":{"line":84,"column":null}},"line":77},"4":{"name":"(anonymous_4)","decl":{"start":{"line":80,"column":4},"end":{"line":80,"column":13}},"loc":{"start":{"line":80,"column":23},"end":{"line":83,"column":6}},"line":80},"5":{"name":"handleReset","decl":{"start":{"line":86,"column":11},"end":{"line":86,"column":31}},"loc":{"start":{"line":86,"column":31},"end":{"line":89,"column":null}},"line":86},"6":{"name":"isValid","decl":{"start":{"line":91,"column":11},"end":{"line":91,"column":30}},"loc":{"start":{"line":91,"column":30},"end":{"line":97,"column":null}},"line":91},"7":{"name":"handleSubmit","decl":{"start":{"line":99,"column":11},"end":{"line":99,"column":35}},"loc":{"start":{"line":99,"column":35},"end":{"line":113,"column":null}},"line":99}},"branchMap":{"0":{"loc":{"start":{"line":54,"column":2},"end":{"line":56,"column":null}},"type":"if","locations":[{"start":{"line":54,"column":2},"end":{"line":56,"column":null}},{"start":{},"end":{}}],"line":54},"1":{"loc":{"start":{"line":58,"column":2},"end":{"line":60,"column":null}},"type":"if","locations":[{"start":{"line":58,"column":2},"end":{"line":60,"column":null}},{"start":{},"end":{}}],"line":58},"2":{"loc":{"start":{"line":68,"column":23},"end":{"line":71,"column":51}},"type":"default-arg","locations":[{"start":{"line":71,"column":26},"end":{"line":71,"column":51}}],"line":68},"3":{"loc":{"start":{"line":70,"column":2},"end":{"line":70,"column":null}},"type":"default-arg","locations":[{"start":{"line":70,"column":15},"end":{"line":70,"column":null}}],"line":70},"4":{"loc":{"start":{"line":94,"column":13},"end":{"line":94,"column":38}},"type":"binary-expr","locations":[{"start":{"line":94,"column":13},"end":{"line":94,"column":36}},{"start":{"line":94,"column":36},"end":{"line":94,"column":38}}],"line":94},"5":{"loc":{"start":{"line":100,"column":4},"end":{"line":102,"column":null}},"type":"if","locations":[{"start":{"line":100,"column":4},"end":{"line":102,"column":null}},{"start":{},"end":{}}],"line":100},"6":{"loc":{"start":{"line":104,"column":4},"end":{"line":109,"column":null}},"type":"if","locations":[{"start":{"line":104,"column":4},"end":{"line":109,"column":null}},{"start":{},"end":{}}],"line":104}},"s":{"0":1,"1":1,"2":8,"3":1,"4":7,"5":2,"6":5,"7":22,"8":22,"9":8,"10":8,"11":8,"12":3,"13":3,"14":6,"15":6,"16":6,"17":3,"18":1,"19":2,"20":1,"21":2,"22":2,"23":22},"f":{"0":1,"1":8,"2":22,"3":8,"4":8,"5":3,"6":6,"7":3},"b":{"0":[1,7],"1":[2,5],"2":[22],"3":[22],"4":[6,4],"5":[1,2],"6":[1,1]},"meta":{"lastBranch":7,"lastFunction":8,"lastStatement":24,"seen":{"s:39:37:44:Infinity":0,"f:46:9:46:37":0,"s:47:2:47:Infinity":1,"f:51:9:51:Infinity":1,"b:54:2:56:Infinity:undefined:undefined:undefined:undefined":0,"s:54:2:56:Infinity":2,"s:55:4:55:Infinity":3,"b:58:2:60:Infinity:undefined:undefined:undefined:undefined":1,"s:58:2:60:Infinity":4,"s:59:4:59:Infinity":5,"s:62:2:62:Infinity":6,"f:68:9:68:23":2,"b:71:26:71:51":2,"b:70:15:70:Infinity":3,"s:72:26:72:Infinity":7,"s:73:28:73:Infinity":8,"f:75:11:75:Infinity":3,"s:78:21:78:Infinity":9,"s:80:4:83:Infinity":10,"f:80:4:80:13":4,"s:80:23:83:6":11,"f:86:11:86:31":5,"s:87:4:87:Infinity":12,"s:88:4:88:Infinity":13,"f:91:11:91:30":6,"s:92:32:92:Infinity":14,"s:94:4:94:Infinity":15,"b:94:13:94:36:94:36:94:38":4,"s:96:4:96:Infinity":16,"f:99:11:99:35":7,"b:100:4:102:Infinity:undefined:undefined:undefined:undefined":5,"s:100:4:102:Infinity":17,"s:101:6:101:Infinity":18,"b:104:4:109:Infinity:undefined:undefined:undefined:undefined":6,"s:104:4:109:Infinity":19,"s:105:6:108:Infinity":20,"s:111:4:111:Infinity":21,"s:112:4:112:Infinity":22,"s:115:2:122:Infinity":23},"fnNames":{}}}
,"C:\\Users\\M. Mohamed Al Favaj\\OneDrive\\Desktop\\Java-Script-Training\\react\\session4\\src\\hooks\\useInternSearch.ts": {"path":"C:\\Users\\M. Mohamed Al Favaj\\OneDrive\\Desktop\\Java-Script-Training\\react\\session4\\src\\hooks\\useInternSearch.ts","statementMap":{"0":{"start":{"line":45,"column":2},"end":{"line":45,"column":null}},"1":{"start":{"line":52,"column":30},"end":{"line":52,"column":null}},"2":{"start":{"line":54,"column":19},"end":{"line":57,"column":null}},"3":{"start":{"line":55,"column":10},"end":{"line":55,"column":null}},"4":{"start":{"line":59,"column":16},"end":{"line":66,"column":null}},"5":{"start":{"line":60,"column":11},"end":{"line":64,"column":null}},"6":{"start":{"line":62,"column":42},"end":{"line":62,"column":58}},"7":{"start":{"line":68,"column":2},"end":{"line":73,"column":null}}},"fnMap":{"0":{"name":"defaultFilter","decl":{"start":{"line":41,"column":16},"end":{"line":41,"column":null}},"loc":{"start":{"line":44,"column":22},"end":{"line":46,"column":null}},"line":44},"1":{"name":"useInternSearch","decl":{"start":{"line":48,"column":9},"end":{"line":48,"column":null}},"loc":{"start":{"line":51,"column":25},"end":{"line":74,"column":null}},"line":51},"2":{"name":"(anonymous_2)","decl":{"start":{"line":54,"column":19},"end":{"line":54,"column":null}},"loc":{"start":{"line":55,"column":10},"end":{"line":55,"column":null}},"line":55},"3":{"name":"(anonymous_3)","decl":{"start":{"line":59,"column":16},"end":{"line":59,"column":null}},"loc":{"start":{"line":60,"column":11},"end":{"line":64,"column":null}},"line":60},"4":{"name":"(anonymous_4)","decl":{"start":{"line":62,"column":23},"end":{"line":62,"column":31}},"loc":{"start":{"line":62,"column":42},"end":{"line":62,"column":58}},"line":62}},"branchMap":{"0":{"loc":{"start":{"line":50,"column":2},"end":{"line":50,"column":null}},"type":"default-arg","locations":[{"start":{"line":50,"column":27},"end":{"line":50,"column":null}}],"line":50}},"s":{"0":1,"1":2,"2":2,"3":2,"4":2,"5":1,"6":2,"7":2},"f":{"0":1,"1":2,"2":2,"3":1,"4":2},"b":{"0":[2]},"meta":{"lastBranch":1,"lastFunction":5,"lastStatement":8,"seen":{"f:41:16:41:Infinity":0,"s:45:2:45:Infinity":0,"f:48:9:48:Infinity":1,"b:50:27:50:Infinity":0,"s:52:30:52:Infinity":1,"s:54:19:57:Infinity":2,"f:54:19:54:Infinity":2,"s:55:10:55:Infinity":3,"s:59:16:66:Infinity":4,"f:59:16:59:Infinity":3,"s:60:11:64:Infinity":5,"f:62:23:62:31":4,"s:62:42:62:58":6,"s:68:2:73:Infinity":7},"fnNames":{}}}
,"C:\\Users\\M. Mohamed Al Favaj\\OneDrive\\Desktop\\Java-Script-Training\\react\\session4\\src\\repositories\\intern-repository.ts": {"path":"C:\\Users\\M. Mohamed Al Favaj\\OneDrive\\Desktop\\Java-Script-Training\\react\\session4\\src\\repositories\\intern-repository.ts","statementMap":{"0":{"start":{"line":5,"column":32},"end":{"line":5,"column":null}},"1":{"start":{"line":7,"column":8},"end":{"line":9,"column":null}},"2":{"start":{"line":8,"column":4},"end":{"line":8,"column":null}},"3":{"start":{"line":8,"column":25},"end":{"line":8,"column":42}},"4":{"start":{"line":11,"column":8},"end":{"line":13,"column":null}},"5":{"start":{"line":12,"column":4},"end":{"line":12,"column":null}},"6":{"start":{"line":12,"column":25},"end":{"line":12,"column":66}},"7":{"start":{"line":12,"column":49},"end":{"line":12,"column":65}},"8":{"start":{"line":15,"column":8},"end":{"line":21,"column":null}},"9":{"start":{"line":16,"column":4},"end":{"line":20,"column":null}},"10":{"start":{"line":17,"column":6},"end":{"line":19,"column":null}},"11":{"start":{"line":18,"column":8},"end":{"line":18,"column":null}},"12":{"start":{"line":23,"column":2},"end":{"line":28,"column":null}}},"fnMap":{"0":{"name":"useInternRepository","decl":{"start":{"line":4,"column":16},"end":{"line":4,"column":38}},"loc":{"start":{"line":4,"column":38},"end":{"line":29,"column":null}},"line":4},"1":{"name":"(anonymous_1)","decl":{"start":{"line":7,"column":8},"end":{"line":7,"column":15}},"loc":{"start":{"line":7,"column":40},"end":{"line":9,"column":null}},"line":7},"2":{"name":"(anonymous_2)","decl":{"start":{"line":8,"column":4},"end":{"line":8,"column":16}},"loc":{"start":{"line":8,"column":25},"end":{"line":8,"column":42}},"line":8},"3":{"name":"(anonymous_3)","decl":{"start":{"line":11,"column":8},"end":{"line":11,"column":18}},"loc":{"start":{"line":11,"column":39},"end":{"line":13,"column":null}},"line":11},"4":{"name":"(anonymous_4)","decl":{"start":{"line":12,"column":4},"end":{"line":12,"column":16}},"loc":{"start":{"line":12,"column":25},"end":{"line":12,"column":66}},"line":12},"5":{"name":"(anonymous_5)","decl":{"start":{"line":12,"column":30},"end":{"line":12,"column":38}},"loc":{"start":{"line":12,"column":49},"end":{"line":12,"column":65}},"line":12},"6":{"name":"(anonymous_6)","decl":{"start":{"line":15,"column":8},"end":{"line":15,"column":18}},"loc":{"start":{"line":15,"column":43},"end":{"line":21,"column":null}},"line":15},"7":{"name":"(anonymous_7)","decl":{"start":{"line":16,"column":4},"end":{"line":16,"column":16}},"loc":{"start":{"line":17,"column":6},"end":{"line":19,"column":null}},"line":17},"8":{"name":"(anonymous_8)","decl":{"start":{"line":17,"column":11},"end":{"line":17,"column":16}},"loc":{"start":{"line":18,"column":8},"end":{"line":18,"column":null}},"line":18}},"branchMap":{"0":{"loc":{"start":{"line":18,"column":8},"end":{"line":18,"column":null}},"type":"cond-expr","locations":[{"start":{"line":18,"column":35},"end":{"line":18,"column":44}},{"start":{"line":18,"column":44},"end":{"line":18,"column":null}}],"line":18}},"s":{"0":13,"1":13,"2":8,"3":8,"4":13,"5":2,"6":2,"7":2,"8":13,"9":2,"10":2,"11":3,"12":13},"f":{"0":13,"1":8,"2":8,"3":2,"4":2,"5":2,"6":2,"7":2,"8":3},"b":{"0":[2,1]},"meta":{"lastBranch":1,"lastFunction":9,"lastStatement":13,"seen":{"f:4:16:4:38":0,"s:5:32:5:Infinity":0,"s:7:8:9:Infinity":1,"f:7:8:7:15":1,"s:8:4:8:Infinity":2,"f:8:4:8:16":2,"s:8:25:8:42":3,"s:11:8:13:Infinity":4,"f:11:8:11:18":3,"s:12:4:12:Infinity":5,"f:12:4:12:16":4,"s:12:25:12:66":6,"f:12:30:12:38":5,"s:12:49:12:65":7,"s:15:8:21:Infinity":8,"f:15:8:15:18":6,"s:16:4:20:Infinity":9,"f:16:4:16:16":7,"s:17:6:19:Infinity":10,"f:17:11:17:16":8,"s:18:8:18:Infinity":11,"b:18:35:18:44:18:44:18:Infinity":0,"s:23:2:28:Infinity":12},"fnNames":{}}}
,"C:\\Users\\M. Mohamed Al Favaj\\OneDrive\\Desktop\\Java-Script-Training\\react\\session4\\src\\services\\intern-service.ts": {"path":"C:\\Users\\M. Mohamed Al Favaj\\OneDrive\\Desktop\\Java-Script-Training\\react\\session4\\src\\services\\intern-service.ts","statementMap":{"0":{"start":{"line":12,"column":2},"end":{"line":18,"column":null}},"1":{"start":{"line":24,"column":2},"end":{"line":26,"column":null}},"2":{"start":{"line":25,"column":4},"end":{"line":25,"column":null}},"3":{"start":{"line":28,"column":2},"end":{"line":31,"column":null}},"4":{"start":{"line":33,"column":2},"end":{"line":36,"column":null}},"5":{"start":{"line":38,"column":2},"end":{"line":40,"column":null}},"6":{"start":{"line":39,"column":4},"end":{"line":39,"column":null}},"7":{"start":{"line":42,"column":2},"end":{"line":44,"column":null}},"8":{"start":{"line":43,"column":4},"end":{"line":43,"column":null}},"9":{"start":{"line":46,"column":2},"end":{"line":46,"column":null}},"10":{"start":{"line":49,"column":2},"end":{"line":51,"column":null}},"11":{"start":{"line":50,"column":4},"end":{"line":50,"column":null}},"12":{"start":{"line":53,"column":16},"end":{"line":56,"column":null}},"13":{"start":{"line":54,"column":21},"end":{"line":54,"column":null}},"14":{"start":{"line":58,"column":2},"end":{"line":58,"column":null}},"15":{"start":{"line":64,"column":2},"end":{"line":64,"column":null}},"16":{"start":{"line":72,"column":21},"end":{"line":72,"column":null}},"17":{"start":{"line":74,"column":2},"end":{"line":76,"column":null}},"18":{"start":{"line":75,"column":4},"end":{"line":75,"column":null}},"19":{"start":{"line":78,"column":17},"end":{"line":83,"column":null}},"20":{"start":{"line":79,"column":4},"end":{"line":81,"column":null}},"21":{"start":{"line":85,"column":2},"end":{"line":88,"column":null}},"22":{"start":{"line":90,"column":2},"end":{"line":90,"column":null}}},"fnMap":{"0":{"name":"createIntern","decl":{"start":{"line":8,"column":16},"end":{"line":8,"column":null}},"loc":{"start":{"line":11,"column":10},"end":{"line":19,"column":null}},"line":11},"1":{"name":"validateInternForm","decl":{"start":{"line":21,"column":16},"end":{"line":21,"column":null}},"loc":{"start":{"line":23,"column":17},"end":{"line":47,"column":null}},"line":23},"2":{"name":"calculateAverageScore","decl":{"start":{"line":48,"column":16},"end":{"line":48,"column":38}},"loc":{"start":{"line":48,"column":65},"end":{"line":59,"column":null}},"line":48},"3":{"name":"(anonymous_3)","decl":{"start":{"line":53,"column":24},"end":{"line":53,"column":null}},"loc":{"start":{"line":54,"column":21},"end":{"line":54,"column":null}},"line":54},"4":{"name":"getScoreLabel","decl":{"start":{"line":61,"column":16},"end":{"line":61,"column":null}},"loc":{"start":{"line":63,"column":19},"end":{"line":65,"column":null}},"line":63},"5":{"name":"filterInterns","decl":{"start":{"line":67,"column":16},"end":{"line":67,"column":null}},"loc":{"start":{"line":70,"column":12},"end":{"line":91,"column":null}},"line":70},"6":{"name":"(anonymous_6)","decl":{"start":{"line":78,"column":25},"end":{"line":78,"column":33}},"loc":{"start":{"line":78,"column":44},"end":{"line":83,"column":3}},"line":78}},"branchMap":{"0":{"loc":{"start":{"line":10,"column":2},"end":{"line":10,"column":null}},"type":"default-arg","locations":[{"start":{"line":10,"column":29},"end":{"line":10,"column":null}}],"line":10},"1":{"loc":{"start":{"line":24,"column":2},"end":{"line":26,"column":null}},"type":"if","locations":[{"start":{"line":24,"column":2},"end":{"line":26,"column":null}},{"start":{},"end":{}}],"line":24},"2":{"loc":{"start":{"line":24,"column":6},"end":{"line":24,"column":49}},"type":"binary-expr","locations":[{"start":{"line":24,"column":6},"end":{"line":24,"column":34}},{"start":{"line":24,"column":34},"end":{"line":24,"column":49}}],"line":24},"3":{"loc":{"start":{"line":38,"column":2},"end":{"line":40,"column":null}},"type":"if","locations":[{"start":{"line":38,"column":2},"end":{"line":40,"column":null}},{"start":{},"end":{}}],"line":38},"4":{"loc":{"start":{"line":42,"column":2},"end":{"line":44,"column":null}},"type":"if","locations":[{"start":{"line":42,"column":2},"end":{"line":44,"column":null}},{"start":{},"end":{}}],"line":42},"5":{"loc":{"start":{"line":42,"column":6},"end":{"line":42,"column":42}},"type":"binary-expr","locations":[{"start":{"line":42,"column":6},"end":{"line":42,"column":24}},{"start":{"line":42,"column":24},"end":{"line":42,"column":42}}],"line":42},"6":{"loc":{"start":{"line":49,"column":2},"end":{"line":51,"column":null}},"type":"if","locations":[{"start":{"line":49,"column":2},"end":{"line":51,"column":null}},{"start":{},"end":{}}],"line":49},"7":{"loc":{"start":{"line":64,"column":9},"end":{"line":64,"column":null}},"type":"cond-expr","locations":[{"start":{"line":64,"column":23},"end":{"line":64,"column":32}},{"start":{"line":64,"column":32},"end":{"line":64,"column":null}}],"line":64},"8":{"loc":{"start":{"line":74,"column":2},"end":{"line":76,"column":null}},"type":"if","locations":[{"start":{"line":74,"column":2},"end":{"line":76,"column":null}},{"start":{},"end":{}}],"line":74},"9":{"loc":{"start":{"line":80,"column":6},"end":{"line":81,"column":null}},"type":"binary-expr","locations":[{"start":{"line":80,"column":6},"end":{"line":80,"column":null}},{"start":{"line":81,"column":6},"end":{"line":81,"column":null}}],"line":80}},"s":{"0":1,"1":15,"2":1,"3":14,"4":14,"5":14,"6":4,"7":8,"8":3,"9":5,"10":3,"11":1,"12":2,"13":4,"14":2,"15":3,"16":4,"17":4,"18":1,"19":3,"20":6,"21":3,"22":3},"f":{"0":1,"1":15,"2":3,"3":4,"4":3,"5":4,"6":6},"b":{"0":[1],"1":[1,14],"2":[15,14],"3":[4,10],"4":[3,5],"5":[8,7],"6":[1,2],"7":[2,1],"8":[1,3],"9":[6,4]},"meta":{"lastBranch":10,"lastFunction":7,"lastStatement":23,"seen":{"f:8:16:8:Infinity":0,"b:10:29:10:Infinity":0,"s:12:2:18:Infinity":0,"f:21:16:21:Infinity":1,"b:24:2:26:Infinity:undefined:undefined:undefined:undefined":1,"s:24:2:26:Infinity":1,"b:24:6:24:34:24:34:24:49":2,"s:25:4:25:Infinity":2,"s:28:2:31:Infinity":3,"s:33:2:36:Infinity":4,"b:38:2:40:Infinity:undefined:undefined:undefined:undefined":3,"s:38:2:40:Infinity":5,"s:39:4:39:Infinity":6,"b:42:2:44:Infinity:undefined:undefined:undefined:undefined":4,"s:42:2:44:Infinity":7,"b:42:6:42:24:42:24:42:42":5,"s:43:4:43:Infinity":8,"s:46:2:46:Infinity":9,"f:48:16:48:38":2,"b:49:2:51:Infinity:undefined:undefined:undefined:undefined":6,"s:49:2:51:Infinity":10,"s:50:4:50:Infinity":11,"s:53:16:56:Infinity":12,"f:53:24:53:Infinity":3,"s:54:21:54:Infinity":13,"s:58:2:58:Infinity":14,"f:61:16:61:Infinity":4,"s:64:2:64:Infinity":15,"b:64:23:64:32:64:32:64:Infinity":7,"f:67:16:67:Infinity":5,"s:72:21:72:Infinity":16,"b:74:2:76:Infinity:undefined:undefined:undefined:undefined":8,"s:74:2:76:Infinity":17,"s:75:4:75:Infinity":18,"s:78:17:83:Infinity":19,"f:78:25:78:33":6,"s:79:4:81:Infinity":20,"b:80:6:80:Infinity:81:6:81:Infinity":9,"s:85:2:88:Infinity":21,"s:90:2:90:Infinity":22},"fnNames":{}}}
,"C:\\Users\\M. Mohamed Al Favaj\\OneDrive\\Desktop\\Java-Script-Training\\react\\session4\\src\\utils\\assert.ts": {"path":"C:\\Users\\M. Mohamed Al Favaj\\OneDrive\\Desktop\\Java-Script-Training\\react\\session4\\src\\utils\\assert.ts","statementMap":{"0":{"start":{"line":5,"column":2},"end":{"line":7,"column":null}},"1":{"start":{"line":6,"column":4},"end":{"line":6,"column":null}}},"fnMap":{"0":{"name":"assert","decl":{"start":{"line":1,"column":16},"end":{"line":1,"column":null}},"loc":{"start":{"line":4,"column":21},"end":{"line":8,"column":null}},"line":4}},"branchMap":{"0":{"loc":{"start":{"line":5,"column":2},"end":{"line":7,"column":null}},"type":"if","locations":[{"start":{"line":5,"column":2},"end":{"line":7,"column":null}},{"start":{},"end":{}}],"line":5}},"s":{"0":32,"1":3},"f":{"0":32},"b":{"0":[3,29]},"meta":{"lastBranch":1,"lastFunction":1,"lastStatement":2,"seen":{"f:1:16:1:Infinity":0,"b:5:2:7:Infinity:undefined:undefined:undefined:undefined":0,"s:5:2:7:Infinity":0,"s:6:4:6:Infinity":1},"fnNames":{}}}
,"C:\\Users\\M. Mohamed Al Favaj\\OneDrive\\Desktop\\Java-Script-Training\\react\\session4\\src\\utils\\generate-id.ts": {"path":"C:\\Users\\M. Mohamed Al Favaj\\OneDrive\\Desktop\\Java-Script-Training\\react\\session4\\src\\utils\\generate-id.ts","statementMap":{"0":{"start":{"line":2,"column":39},"end":{"line":2,"column":null}},"1":{"start":{"line":3,"column":39},"end":{"line":3,"column":null}},"2":{"start":{"line":5,"column":2},"end":{"line":5,"column":null}}},"fnMap":{"0":{"name":"generateInternId","decl":{"start":{"line":1,"column":16},"end":{"line":1,"column":null}},"loc":{"start":{"line":4,"column":10},"end":{"line":6,"column":null}},"line":4},"1":{"name":"(anonymous_1)","decl":{"start":{"line":2,"column":2},"end":{"line":2,"column":39}},"loc":{"start":{"line":2,"column":39},"end":{"line":2,"column":null}},"line":2},"2":{"name":"(anonymous_2)","decl":{"start":{"line":3,"column":2},"end":{"line":3,"column":39}},"loc":{"start":{"line":3,"column":39},"end":{"line":3,"column":null}},"line":3}},"branchMap":{"0":{"loc":{"start":{"line":2,"column":2},"end":{"line":2,"column":null}},"type":"default-arg","locations":[{"start":{"line":2,"column":2},"end":{"line":2,"column":null}}],"line":2},"1":{"loc":{"start":{"line":3,"column":2},"end":{"line":3,"column":null}},"type":"default-arg","locations":[{"start":{"line":3,"column":2},"end":{"line":3,"column":null}}],"line":3}},"s":{"0":1,"1":1,"2":4},"f":{"0":4,"1":1,"2":1},"b":{"0":[1],"1":[1]},"meta":{"lastBranch":2,"lastFunction":3,"lastStatement":3,"seen":{"f:1:16:1:Infinity":0,"b:2:2:2:Infinity":0,"f:2:2:2:39":1,"s:2:39:2:Infinity":0,"b:3:2:3:Infinity":1,"f:3:2:3:39":2,"s:3:39:3:Infinity":1,"s:5:2:5:Infinity":2},"fnNames":{}}}
,"C:\\Users\\M. Mohamed Al Favaj\\OneDrive\\Desktop\\Java-Script-Training\\react\\session4\\src\\utils\\intern-request.ts": {"path":"C:\\Users\\M. Mohamed Al Favaj\\OneDrive\\Desktop\\Java-Script-Training\\react\\session4\\src\\utils\\intern-request.ts","statementMap":{"0":{"start":{"line":12,"column":2},"end":{"line":15,"column":null}}},"fnMap":{"0":{"name":"prepareInternPayload","decl":{"start":{"line":8,"column":16},"end":{"line":8,"column":37}},"loc":{"start":{"line":11,"column":2},"end":{"line":16,"column":null}},"line":11}},"branchMap":{},"s":{"0":1},"f":{"0":1},"b":{},"meta":{"lastBranch":0,"lastFunction":1,"lastStatement":1,"seen":{"f:8:16:8:37":0,"s:12:2:15:Infinity":0},"fnNames":{}}}
,"C:\\Users\\M. Mohamed Al Favaj\\OneDrive\\Desktop\\Java-Script-Training\\react\\session4\\src\\utils\\intern-utils.ts": {"path":"C:\\Users\\M. Mohamed Al Favaj\\OneDrive\\Desktop\\Java-Script-Training\\react\\session4\\src\\utils\\intern-utils.ts","statementMap":{"0":{"start":{"line":10,"column":25},"end":{"line":10,"column":null}},"1":{"start":{"line":12,"column":2},"end":{"line":14,"column":null}},"2":{"start":{"line":13,"column":4},"end":{"line":13,"column":null}},"3":{"start":{"line":16,"column":2},"end":{"line":21,"column":null}},"4":{"start":{"line":17,"column":17},"end":{"line":17,"column":null}},"5":{"start":{"line":18,"column":17},"end":{"line":18,"column":null}},"6":{"start":{"line":20,"column":4},"end":{"line":20,"column":null}}},"fnMap":{"0":{"name":"filterInterns","decl":{"start":{"line":6,"column":16},"end":{"line":6,"column":null}},"loc":{"start":{"line":9,"column":7},"end":{"line":22,"column":null}},"line":9},"1":{"name":"(anonymous_1)","decl":{"start":{"line":16,"column":17},"end":{"line":16,"column":25}},"loc":{"start":{"line":16,"column":36},"end":{"line":21,"column":3}},"line":16}},"branchMap":{"0":{"loc":{"start":{"line":12,"column":2},"end":{"line":14,"column":null}},"type":"if","locations":[{"start":{"line":12,"column":2},"end":{"line":14,"column":null}},{"start":{},"end":{}}],"line":12},"1":{"loc":{"start":{"line":20,"column":11},"end":{"line":20,"column":null}},"type":"binary-expr","locations":[{"start":{"line":20,"column":11},"end":{"line":20,"column":44}},{"start":{"line":20,"column":44},"end":{"line":20,"column":null}}],"line":20}},"s":{"0":5,"1":5,"2":1,"3":4,"4":12,"5":12,"6":12},"f":{"0":5,"1":12},"b":{"0":[1,4],"1":[12,11]},"meta":{"lastBranch":2,"lastFunction":2,"lastStatement":7,"seen":{"f:6:16:6:Infinity":0,"s:10:25:10:Infinity":0,"b:12:2:14:Infinity:undefined:undefined:undefined:undefined":0,"s:12:2:14:Infinity":1,"s:13:4:13:Infinity":2,"s:16:2:21:Infinity":3,"f:16:17:16:25":1,"s:17:17:17:Infinity":4,"s:18:17:18:Infinity":5,"s:20:4:20:Infinity":6,"b:20:11:20:44:20:44:20:Infinity":1},"fnNames":{}}}
,"C:\\Users\\M. Mohamed Al Favaj\\OneDrive\\Desktop\\Java-Script-Training\\react\\session4\\src\\utils\\intern-validation.ts": {"path":"C:\\Users\\M. Mohamed Al Favaj\\OneDrive\\Desktop\\Java-Script-Training\\react\\session4\\src\\utils\\intern-validation.ts","statementMap":{"0":{"start":{"line":6,"column":18},"end":{"line":6,"column":null}},"1":{"start":{"line":7,"column":18},"end":{"line":7,"column":null}},"2":{"start":{"line":13,"column":2},"end":{"line":15,"column":null}},"3":{"start":{"line":14,"column":4},"end":{"line":14,"column":null}},"4":{"start":{"line":17,"column":2},"end":{"line":19,"column":null}},"5":{"start":{"line":18,"column":4},"end":{"line":18,"column":null}},"6":{"start":{"line":21,"column":2},"end":{"line":21,"column":null}}},"fnMap":{"0":{"name":"validateInternForm","decl":{"start":{"line":9,"column":16},"end":{"line":9,"column":null}},"loc":{"start":{"line":12,"column":17},"end":{"line":22,"column":null}},"line":12}},"branchMap":{"0":{"loc":{"start":{"line":13,"column":2},"end":{"line":15,"column":null}},"type":"if","locations":[{"start":{"line":13,"column":2},"end":{"line":15,"column":null}},{"start":{},"end":{}}],"line":13},"1":{"loc":{"start":{"line":17,"column":2},"end":{"line":19,"column":null}},"type":"if","locations":[{"start":{"line":17,"column":2},"end":{"line":19,"column":null}},{"start":{},"end":{}}],"line":17},"2":{"loc":{"start":{"line":17,"column":6},"end":{"line":17,"column":46}},"type":"binary-expr","locations":[{"start":{"line":17,"column":6},"end":{"line":17,"column":27}},{"start":{"line":17,"column":27},"end":{"line":17,"column":46}}],"line":17}},"s":{"0":1,"1":1,"2":7,"3":2,"4":5,"5":2,"6":3},"f":{"0":7},"b":{"0":[2,5],"1":[2,3],"2":[5,4]},"meta":{"lastBranch":3,"lastFunction":1,"lastStatement":7,"seen":{"s:6:18:6:Infinity":0,"s:7:18:7:Infinity":1,"f:9:16:9:Infinity":0,"b:13:2:15:Infinity:undefined:undefined:undefined:undefined":0,"s:13:2:15:Infinity":2,"s:14:4:14:Infinity":3,"b:17:2:19:Infinity:undefined:undefined:undefined:undefined":1,"s:17:2:19:Infinity":4,"b:17:6:17:27:17:27:17:46":2,"s:18:4:18:Infinity":5,"s:21:2:21:Infinity":6},"fnNames":{}}}
}
