{"C:\\Users\\M. Mohamed Al Favaj\\OneDrive\\Desktop\\Java-Script-Training\\react\\session4\\src\\components\\ScoreStats.tsx": {"path":"C:\\Users\\M. Mohamed Al Favaj\\OneDrive\\Desktop\\Java-Script-Training\\react\\session4\\src\\components\\ScoreStats.tsx","statementMap":{"0":{"start":{"line":18,"column":17},"end":{"line":18,"column":null}},"1":{"start":{"line":18,"column":41},"end":{"line":18,"column":53}},"2":{"start":{"line":20,"column":2},"end":{"line":34,"column":null}},"3":{"start":{"line":28,"column":42},"end":{"line":28,"column":55}},"4":{"start":{"line":33,"column":40},"end":{"line":33,"column":58}},"5":{"start":{"line":44,"column":2},"end":{"line":61,"column":null}},"6":{"start":{"line":66,"column":22},"end":{"line":66,"column":33}},"7":{"start":{"line":72,"column":16},"end":{"line":76,"column":null}},"8":{"start":{"line":73,"column":4},"end":{"line":73,"column":null}},"9":{"start":{"line":75,"column":4},"end":{"line":75,"column":null}},"10":{"start":{"line":78,"column":2},"end":{"line":85,"column":null}}},"fnMap":{"0":{"name":"calculateScoreStats","decl":{"start":{"line":15,"column":16},"end":{"line":15,"column":null}},"loc":{"start":{"line":17,"column":18},"end":{"line":35,"column":null}},"line":17},"1":{"name":"(anonymous_1)","decl":{"start":{"line":18,"column":25},"end":{"line":18,"column":30}},"loc":{"start":{"line":18,"column":41},"end":{"line":18,"column":53}},"line":18},"2":{"name":"(anonymous_2)","decl":{"start":{"line":28,"column":19},"end":{"line":28,"column":27}},"loc":{"start":{"line":28,"column":42},"end":{"line":28,"column":55}},"line":28},"3":{"name":"(anonymous_3)","decl":{"start":{"line":33,"column":21},"end":{"line":33,"column":29}},"loc":{"start":{"line":33,"column":40},"end":{"line":33,"column":58}},"line":33},"4":{"name":"ScoreStatsView","decl":{"start":{"line":37,"column":16},"end":{"line":37,"column":31}},"loc":{"start":{"line":43,"column":24},"end":{"line":63,"column":null}},"line":43},"5":{"name":"ScoreStats","decl":{"start":{"line":65,"column":9},"end":{"line":65,"column":22}},"loc":{"start":{"line":65,"column":22},"end":{"line":87,"column":null}},"line":65},"6":{"name":"(anonymous_6)","decl":{"start":{"line":72,"column":16},"end":{"line":72,"column":30}},"loc":{"start":{"line":72,"column":30},"end":{"line":76,"column":5}},"line":72}},"branchMap":{"0":{"loc":{"start":{"line":21,"column":13},"end":{"line":21,"column":null}},"type":"cond-expr","locations":[{"start":{"line":21,"column":33},"end":{"line":21,"column":55}},{"start":{"line":21,"column":55},"end":{"line":21,"column":null}}],"line":21},"1":{"loc":{"start":{"line":23,"column":12},"end":{"line":23,"column":null}},"type":"cond-expr","locations":[{"start":{"line":23,"column":32},"end":{"line":23,"column":54}},{"start":{"line":23,"column":54},"end":{"line":23,"column":null}}],"line":23},"2":{"loc":{"start":{"line":26,"column":6},"end":{"line":31,"column":null}},"type":"cond-expr","locations":[{"start":{"line":27,"column":10},"end":{"line":30,"column":null}},{"start":{"line":31,"column":10},"end":{"line":31,"column":null}}],"line":26}},"s":{"0":3,"1":6,"2":3,"3":6,"4":6,"5":3,"6":2,"7":2,"8":2,"9":2,"10":2},"f":{"0":3,"1":6,"2":6,"3":6,"4":3,"5":2,"6":2},"b":{"0":[2,1],"1":[2,1],"2":[2,1]},"meta":{"lastBranch":3,"lastFunction":7,"lastStatement":11,"seen":{"f:15:16:15:Infinity":0,"s:18:17:18:Infinity":0,"f:18:25:18:30":1,"s:18:41:18:53":1,"s:20:2:34:Infinity":2,"b:21:33:21:55:21:55:21:Infinity":0,"b:23:32:23:54:23:54:23:Infinity":1,"b:27:10:30:Infinity:31:10:31:Infinity":2,"f:28:19:28:27":2,"s:28:42:28:55":3,"f:33:21:33:29":3,"s:33:40:33:58":4,"f:37:16:37:31":4,"s:44:2:61:Infinity":5,"f:65:9:65:22":5,"s:66:22:66:33":6,"s:72:16:76:Infinity":7,"f:72:16:72:30":6,"s:73:4:73:Infinity":8,"s:75:4:75:Infinity":9,"s:78:2:85:Infinity":10},"fnNames":{}}}
,"C:\\Users\\M. Mohamed Al Favaj\\OneDrive\\Desktop\\Java-Script-Training\\react\\session4\\src\\contexts\\intern-context.tsx": {"path":"C:\\Users\\M. Mohamed Al Favaj\\OneDrive\\Desktop\\Java-Script-Training\\react\\session4\\src\\contexts\\intern-context.tsx","statementMap":{"0":{"start":{"line":23,"column":40},"end":{"line":52,"column":null}},"1":{"start":{"line":54,"column":22},"end":{"line":54,"column":null}},"2":{"start":{"line":64,"column":32},"end":{"line":64,"column":null}},"3":{"start":{"line":65,"column":36},"end":{"line":65,"column":null}},"4":{"start":{"line":67,"column":2},"end":{"line":81,"column":null}},"5":{"start":{"line":69,"column":6},"end":{"line":69,"column":null}},"6":{"start":{"line":70,"column":6},"end":{"line":70,"column":null}},"7":{"start":{"line":73,"column":4},"end":{"line":76,"column":null}},"8":{"start":{"line":74,"column":6},"end":{"line":74,"column":null}},"9":{"start":{"line":75,"column":6},"end":{"line":75,"column":null}},"10":{"start":{"line":78,"column":22},"end":{"line":78,"column":null}},"11":{"start":{"line":80,"column":4},"end":{"line":80,"column":null}},"12":{"start":{"line":80,"column":17},"end":{"line":80,"column":null}},"13":{"start":{"line":84,"column":4},"end":{"line":84,"column":null}},"14":{"start":{"line":84,"column":25},"end":{"line":84,"column":42}},"15":{"start":{"line":88,"column":4},"end":{"line":88,"column":null}},"16":{"start":{"line":88,"column":25},"end":{"line":88,"column":66}},"17":{"start":{"line":88,"column":49},"end":{"line":88,"column":65}},"18":{"start":{"line":91,"column":2},"end":{"line":101,"column":null}},"19":{"start":{"line":106,"column":18},"end":{"line":106,"column":null}},"20":{"start":{"line":108,"column":2},"end":{"line":110,"column":null}},"21":{"start":{"line":109,"column":4},"end":{"line":109,"column":null}},"22":{"start":{"line":112,"column":2},"end":{"line":112,"column":null}}},"fnMap":{"0":{"name":"InternProvider","decl":{"start":{"line":59,"column":16},"end":{"line":59,"column":31}},"loc":{"start":{"line":63,"column":24},"end":{"line":103,"column":null}},"line":63},"1":{"name":"(anonymous_1)","decl":{"start":{"line":67,"column":2},"end":{"line":67,"column":18}},"loc":{"start":{"line":67,"column":18},"end":{"line":81,"column":5}},"line":67},"2":{"name":"loadInterns","decl":{"start":{"line":68,"column":13},"end":{"line":68,"column":33}},"loc":{"start":{"line":68,"column":33},"end":{"line":71,"column":null}},"line":68},"3":{"name":"(anonymous_3)","decl":{"start":{"line":80,"column":4},"end":{"line":80,"column":17}},"loc":{"start":{"line":80,"column":17},"end":{"line":80,"column":null}},"line":80},"4":{"name":"addIntern","decl":{"start":{"line":83,"column":11},"end":{"line":83,"column":21}},"loc":{"start":{"line":83,"column":43},"end":{"line":85,"column":null}},"line":83},"5":{"name":"(anonymous_5)","decl":{"start":{"line":84,"column":4},"end":{"line":84,"column":16}},"loc":{"start":{"line":84,"column":25},"end":{"line":84,"column":42}},"line":84},"6":{"name":"removeIntern","decl":{"start":{"line":87,"column":11},"end":{"line":87,"column":24}},"loc":{"start":{"line":87,"column":42},"end":{"line":89,"column":null}},"line":87},"7":{"name":"(anonymous_7)","decl":{"start":{"line":88,"column":4},"end":{"line":88,"column":16}},"loc":{"start":{"line":88,"column":25},"end":{"line":88,"column":66}},"line":88},"8":{"name":"(anonymous_8)","decl":{"start":{"line":88,"column":30},"end":{"line":88,"column":38}},"loc":{"start":{"line":88,"column":49},"end":{"line":88,"column":65}},"line":88},"9":{"name":"useInterns","decl":{"start":{"line":105,"column":16},"end":{"line":105,"column":48}},"loc":{"start":{"line":105,"column":48},"end":{"line":113,"column":null}},"line":105}},"branchMap":{"0":{"loc":{"start":{"line":61,"column":2},"end":{"line":61,"column":null}},"type":"default-arg","locations":[{"start":{"line":61,"column":19},"end":{"line":61,"column":null}}],"line":61},"1":{"loc":{"start":{"line":62,"column":2},"end":{"line":62,"column":null}},"type":"default-arg","locations":[{"start":{"line":62,"column":14},"end":{"line":62,"column":null}}],"line":62},"2":{"loc":{"start":{"line":73,"column":4},"end":{"line":76,"column":null}},"type":"if","locations":[{"start":{"line":73,"column":4},"end":{"line":76,"column":null}},{"start":{},"end":{}}],"line":73},"3":{"loc":{"start":{"line":108,"column":2},"end":{"line":110,"column":null}},"type":"if","locations":[{"start":{"line":108,"column":2},"end":{"line":110,"column":null}},{"start":{},"end":{}}],"line":108}},"s":{"0":2,"1":2,"2":4,"3":4,"4":4,"5":2,"6":2,"7":2,"8":2,"9":2,"10":0,"11":0,"12":0,"13":0,"14":0,"15":0,"16":0,"17":0,"18":4,"19":4,"20":4,"21":0,"22":4},"f":{"0":4,"1":2,"2":2,"3":0,"4":0,"5":0,"6":0,"7":0,"8":0,"9":4},"b":{"0":[4],"1":[4],"2":[2,0],"3":[0,4]},"meta":{"lastBranch":4,"lastFunction":10,"lastStatement":23,"seen":{"s:23:40:52:Infinity":0,"s:54:22:54:Infinity":1,"f:59:16:59:31":0,"b:61:19:61:Infinity":0,"b:62:14:62:Infinity":1,"s:64:32:64:Infinity":2,"s:65:36:65:Infinity":3,"s:67:2:81:Infinity":4,"f:67:2:67:18":1,"f:68:13:68:33":2,"s:69:6:69:Infinity":5,"s:70:6:70:Infinity":6,"b:73:4:76:Infinity:undefined:undefined:undefined:undefined":2,"s:73:4:76:Infinity":7,"s:74:6:74:Infinity":8,"s:75:6:75:Infinity":9,"s:78:22:78:Infinity":10,"s:80:4:80:Infinity":11,"f:80:4:80:17":3,"s:80:17:80:Infinity":12,"f:83:11:83:21":4,"s:84:4:84:Infinity":13,"f:84:4:84:16":5,"s:84:25:84:42":14,"f:87:11:87:24":6,"s:88:4:88:Infinity":15,"f:88:4:88:16":7,"s:88:25:88:66":16,"f:88:30:88:38":8,"s:88:49:88:65":17,"s:91:2:101:Infinity":18,"f:105:16:105:48":9,"s:106:18:106:Infinity":19,"b:108:2:110:Infinity:undefined:undefined:undefined:undefined":3,"s:108:2:110:Infinity":20,"s:109:4:109:Infinity":21,"s:112:2:112:Infinity":22},"fnNames":{}}}
,"C:\\Users\\M. Mohamed Al Favaj\\OneDrive\\Desktop\\Java-Script-Training\\react\\session4\\src\\hooks\\useInternForm.ts": {"path":"C:\\Users\\M. Mohamed Al Favaj\\OneDrive\\Desktop\\Java-Script-Training\\react\\session4\\src\\hooks\\useInternForm.ts","statementMap":{"0":{"start":{"line":29,"column":37},"end":{"line":34,"column":null}},"1":{"start":{"line":37,"column":2},"end":{"line":37,"column":null}},"2":{"start":{"line":47,"column":26},"end":{"line":47,"column":null}},"3":{"start":{"line":48,"column":28},"end":{"line":48,"column":null}},"4":{"start":{"line":53,"column":34},"end":{"line":53,"column":null}},"5":{"start":{"line":55,"column":4},"end":{"line":63,"column":null}},"6":{"start":{"line":55,"column":23},"end":{"line":63,"column":6}},"7":{"start":{"line":67,"column":4},"end":{"line":67,"column":null}},"8":{"start":{"line":68,"column":4},"end":{"line":68,"column":null}},"9":{"start":{"line":72,"column":28},"end":{"line":72,"column":null}},"10":{"start":{"line":73,"column":4},"end":{"line":73,"column":null}},"11":{"start":{"line":74,"column":4},"end":{"line":74,"column":null}},"12":{"start":{"line":78,"column":4},"end":{"line":80,"column":null}},"13":{"start":{"line":79,"column":6},"end":{"line":79,"column":null}},"14":{"start":{"line":82,"column":4},"end":{"line":87,"column":null}},"15":{"start":{"line":83,"column":6},"end":{"line":86,"column":null}},"16":{"start":{"line":89,"column":4},"end":{"line":89,"column":null}},"17":{"start":{"line":90,"column":4},"end":{"line":90,"column":null}},"18":{"start":{"line":93,"column":2},"end":{"line":100,"column":null}}},"fnMap":{"0":{"name":"defaultGenerateId","decl":{"start":{"line":36,"column":9},"end":{"line":36,"column":37}},"loc":{"start":{"line":36,"column":37},"end":{"line":38,"column":null}},"line":36},"1":{"name":"useInternForm","decl":{"start":{"line":43,"column":9},"end":{"line":43,"column":23}},"loc":{"start":{"line":46,"column":51},"end":{"line":101,"column":null}},"line":46},"2":{"name":"handleChange","decl":{"start":{"line":50,"column":11},"end":{"line":50,"column":null}},"loc":{"start":{"line":52,"column":10},"end":{"line":64,"column":null}},"line":52},"3":{"name":"(anonymous_3)","decl":{"start":{"line":55,"column":4},"end":{"line":55,"column":13}},"loc":{"start":{"line":55,"column":23},"end":{"line":63,"column":6}},"line":55},"4":{"name":"handleReset","decl":{"start":{"line":66,"column":11},"end":{"line":66,"column":31}},"loc":{"start":{"line":66,"column":31},"end":{"line":69,"column":null}},"line":66},"5":{"name":"isValid","decl":{"start":{"line":71,"column":11},"end":{"line":71,"column":30}},"loc":{"start":{"line":71,"column":30},"end":{"line":75,"column":null}},"line":71},"6":{"name":"handleSubmit","decl":{"start":{"line":77,"column":11},"end":{"line":77,"column":35}},"loc":{"start":{"line":77,"column":35},"end":{"line":91,"column":null}},"line":77}},"branchMap":{"0":{"loc":{"start":{"line":43,"column":23},"end":{"line":46,"column":51}},"type":"default-arg","locations":[{"start":{"line":46,"column":26},"end":{"line":46,"column":51}}],"line":43},"1":{"loc":{"start":{"line":45,"column":2},"end":{"line":45,"column":null}},"type":"default-arg","locations":[{"start":{"line":45,"column":15},"end":{"line":45,"column":null}}],"line":45},"2":{"loc":{"start":{"line":58,"column":8},"end":{"line":62,"column":null}},"type":"cond-expr","locations":[{"start":{"line":59,"column":13},"end":{"line":59,"column":null}},{"start":{"line":60,"column":12},"end":{"line":62,"column":null}}],"line":58},"3":{"loc":{"start":{"line":60,"column":12},"end":{"line":62,"column":null}},"type":"cond-expr","locations":[{"start":{"line":61,"column":12},"end":{"line":61,"column":null}},{"start":{"line":62,"column":12},"end":{"line":62,"column":null}}],"line":60},"4":{"loc":{"start":{"line":73,"column":13},"end":{"line":73,"column":34}},"type":"binary-expr","locations":[{"start":{"line":73,"column":13},"end":{"line":73,"column":32}},{"start":{"line":73,"column":32},"end":{"line":73,"column":34}}],"line":73},"5":{"loc":{"start":{"line":78,"column":4},"end":{"line":80,"column":null}},"type":"if","locations":[{"start":{"line":78,"column":4},"end":{"line":80,"column":null}},{"start":{},"end":{}}],"line":78},"6":{"loc":{"start":{"line":82,"column":4},"end":{"line":87,"column":null}},"type":"if","locations":[{"start":{"line":82,"column":4},"end":{"line":87,"column":null}},{"start":{},"end":{}}],"line":82}},"s":{"0":1,"1":1,"2":28,"3":28,"4":9,"5":9,"6":9,"7":3,"8":3,"9":9,"10":9,"11":9,"12":3,"13":1,"14":2,"15":2,"16":2,"17":2,"18":28},"f":{"0":1,"1":28,"2":9,"3":9,"4":3,"5":9,"6":3},"b":{"0":[28],"1":[28],"2":[0,9],"3":[3,6],"4":[9,6],"5":[1,2],"6":[2,0]},"meta":{"lastBranch":7,"lastFunction":7,"lastStatement":19,"seen":{"s:29:37:34:Infinity":0,"f:36:9:36:37":0,"s:37:2:37:Infinity":1,"f:43:9:43:23":1,"b:46:26:46:51":0,"b:45:15:45:Infinity":1,"s:47:26:47:Infinity":2,"s:48:28:48:Infinity":3,"f:50:11:50:Infinity":2,"s:53:34:53:Infinity":4,"s:55:4:63:Infinity":5,"f:55:4:55:13":3,"s:55:23:63:6":6,"b:59:13:59:Infinity:60:12:62:Infinity":2,"b:61:12:61:Infinity:62:12:62:Infinity":3,"f:66:11:66:31":4,"s:67:4:67:Infinity":7,"s:68:4:68:Infinity":8,"f:71:11:71:30":5,"s:72:28:72:Infinity":9,"s:73:4:73:Infinity":10,"b:73:13:73:32:73:32:73:34":4,"s:74:4:74:Infinity":11,"f:77:11:77:35":6,"b:78:4:80:Infinity:undefined:undefined:undefined:undefined":5,"s:78:4:80:Infinity":12,"s:79:6:79:Infinity":13,"b:82:4:87:Infinity:undefined:undefined:undefined:undefined":6,"s:82:4:87:Infinity":14,"s:83:6:86:Infinity":15,"s:89:4:89:Infinity":16,"s:90:4:90:Infinity":17,"s:93:2:100:Infinity":18},"fnNames":{}}}
,"C:\\Users\\M. Mohamed Al Favaj\\OneDrive\\Desktop\\Java-Script-Training\\react\\session4\\src\\hooks\\useInternSearch.ts": {"path":"C:\\Users\\M. Mohamed Al Favaj\\OneDrive\\Desktop\\Java-Script-Training\\react\\session4\\src\\hooks\\useInternSearch.ts","statementMap":{"0":{"start":{"line":35,"column":2},"end":{"line":35,"column":null}},"1":{"start":{"line":42,"column":30},"end":{"line":42,"column":null}},"2":{"start":{"line":44,"column":19},"end":{"line":47,"column":null}},"3":{"start":{"line":45,"column":10},"end":{"line":45,"column":null}},"4":{"start":{"line":49,"column":16},"end":{"line":56,"column":null}},"5":{"start":{"line":50,"column":11},"end":{"line":54,"column":null}},"6":{"start":{"line":52,"column":42},"end":{"line":52,"column":58}},"7":{"start":{"line":58,"column":2},"end":{"line":63,"column":null}}},"fnMap":{"0":{"name":"defaultFilter","decl":{"start":{"line":31,"column":16},"end":{"line":31,"column":null}},"loc":{"start":{"line":34,"column":22},"end":{"line":36,"column":null}},"line":34},"1":{"name":"useInternSearch","decl":{"start":{"line":38,"column":9},"end":{"line":38,"column":null}},"loc":{"start":{"line":41,"column":25},"end":{"line":64,"column":null}},"line":41},"2":{"name":"(anonymous_2)","decl":{"start":{"line":44,"column":19},"end":{"line":44,"column":null}},"loc":{"start":{"line":45,"column":10},"end":{"line":45,"column":null}},"line":45},"3":{"name":"(anonymous_3)","decl":{"start":{"line":49,"column":16},"end":{"line":49,"column":null}},"loc":{"start":{"line":50,"column":11},"end":{"line":54,"column":null}},"line":50},"4":{"name":"(anonymous_4)","decl":{"start":{"line":52,"column":23},"end":{"line":52,"column":31}},"loc":{"start":{"line":52,"column":42},"end":{"line":52,"column":58}},"line":52}},"branchMap":{"0":{"loc":{"start":{"line":40,"column":2},"end":{"line":40,"column":null}},"type":"default-arg","locations":[{"start":{"line":40,"column":27},"end":{"line":40,"column":null}}],"line":40}},"s":{"0":1,"1":2,"2":2,"3":2,"4":2,"5":1,"6":2,"7":2},"f":{"0":1,"1":2,"2":2,"3":1,"4":2},"b":{"0":[2]},"meta":{"lastBranch":1,"lastFunction":5,"lastStatement":8,"seen":{"f:31:16:31:Infinity":0,"s:35:2:35:Infinity":0,"f:38:9:38:Infinity":1,"b:40:27:40:Infinity":0,"s:42:30:42:Infinity":1,"s:44:19:47:Infinity":2,"f:44:19:44:Infinity":2,"s:45:10:45:Infinity":3,"s:49:16:56:Infinity":4,"f:49:16:49:Infinity":3,"s:50:11:54:Infinity":5,"f:52:23:52:31":4,"s:52:42:52:58":6,"s:58:2:63:Infinity":7},"fnNames":{}}}
,"C:\\Users\\M. Mohamed Al Favaj\\OneDrive\\Desktop\\Java-Script-Training\\react\\session4\\src\\repositories\\intern-repository.ts": {"path":"C:\\Users\\M. Mohamed Al Favaj\\OneDrive\\Desktop\\Java-Script-Training\\react\\session4\\src\\repositories\\intern-repository.ts","statementMap":{"0":{"start":{"line":5,"column":32},"end":{"line":5,"column":null}},"1":{"start":{"line":7,"column":8},"end":{"line":9,"column":null}},"2":{"start":{"line":8,"column":4},"end":{"line":8,"column":null}},"3":{"start":{"line":8,"column":25},"end":{"line":8,"column":42}},"4":{"start":{"line":11,"column":8},"end":{"line":13,"column":null}},"5":{"start":{"line":12,"column":4},"end":{"line":12,"column":null}},"6":{"start":{"line":12,"column":25},"end":{"line":12,"column":66}},"7":{"start":{"line":12,"column":49},"end":{"line":12,"column":65}},"8":{"start":{"line":15,"column":8},"end":{"line":21,"column":null}},"9":{"start":{"line":16,"column":4},"end":{"line":20,"column":null}},"10":{"start":{"line":17,"column":6},"end":{"line":19,"column":null}},"11":{"start":{"line":18,"column":8},"end":{"line":18,"column":null}},"12":{"start":{"line":23,"column":2},"end":{"line":28,"column":null}}},"fnMap":{"0":{"name":"useInternRepository","decl":{"start":{"line":4,"column":16},"end":{"line":4,"column":38}},"loc":{"start":{"line":4,"column":38},"end":{"line":29,"column":null}},"line":4},"1":{"name":"(anonymous_1)","decl":{"start":{"line":7,"column":8},"end":{"line":7,"column":15}},"loc":{"start":{"line":7,"column":40},"end":{"line":9,"column":null}},"line":7},"2":{"name":"(anonymous_2)","decl":{"start":{"line":8,"column":4},"end":{"line":8,"column":16}},"loc":{"start":{"line":8,"column":25},"end":{"line":8,"column":42}},"line":8},"3":{"name":"(anonymous_3)","decl":{"start":{"line":11,"column":8},"end":{"line":11,"column":18}},"loc":{"start":{"line":11,"column":39},"end":{"line":13,"column":null}},"line":11},"4":{"name":"(anonymous_4)","decl":{"start":{"line":12,"column":4},"end":{"line":12,"column":16}},"loc":{"start":{"line":12,"column":25},"end":{"line":12,"column":66}},"line":12},"5":{"name":"(anonymous_5)","decl":{"start":{"line":12,"column":30},"end":{"line":12,"column":38}},"loc":{"start":{"line":12,"column":49},"end":{"line":12,"column":65}},"line":12},"6":{"name":"(anonymous_6)","decl":{"start":{"line":15,"column":8},"end":{"line":15,"column":18}},"loc":{"start":{"line":15,"column":43},"end":{"line":21,"column":null}},"line":15},"7":{"name":"(anonymous_7)","decl":{"start":{"line":16,"column":4},"end":{"line":16,"column":16}},"loc":{"start":{"line":17,"column":6},"end":{"line":19,"column":null}},"line":17},"8":{"name":"(anonymous_8)","decl":{"start":{"line":17,"column":11},"end":{"line":17,"column":16}},"loc":{"start":{"line":18,"column":8},"end":{"line":18,"column":null}},"line":18}},"branchMap":{"0":{"loc":{"start":{"line":18,"column":8},"end":{"line":18,"column":null}},"type":"cond-expr","locations":[{"start":{"line":18,"column":35},"end":{"line":18,"column":44}},{"start":{"line":18,"column":44},"end":{"line":18,"column":null}}],"line":18}},"s":{"0":13,"1":13,"2":8,"3":8,"4":13,"5":2,"6":2,"7":2,"8":13,"9":2,"10":2,"11":3,"12":13},"f":{"0":13,"1":8,"2":8,"3":2,"4":2,"5":2,"6":2,"7":2,"8":3},"b":{"0":[2,1]},"meta":{"lastBranch":1,"lastFunction":9,"lastStatement":13,"seen":{"f:4:16:4:38":0,"s:5:32:5:Infinity":0,"s:7:8:9:Infinity":1,"f:7:8:7:15":1,"s:8:4:8:Infinity":2,"f:8:4:8:16":2,"s:8:25:8:42":3,"s:11:8:13:Infinity":4,"f:11:8:11:18":3,"s:12:4:12:Infinity":5,"f:12:4:12:16":4,"s:12:25:12:66":6,"f:12:30:12:38":5,"s:12:49:12:65":7,"s:15:8:21:Infinity":8,"f:15:8:15:18":6,"s:16:4:20:Infinity":9,"f:16:4:16:16":7,"s:17:6:19:Infinity":10,"f:17:11:17:16":8,"s:18:8:18:Infinity":11,"b:18:35:18:44:18:44:18:Infinity":0,"s:23:2:28:Infinity":12},"fnNames":{}}}
,"C:\\Users\\M. Mohamed Al Favaj\\OneDrive\\Desktop\\Java-Script-Training\\react\\session4\\src\\services\\intern-service.ts": {"path":"C:\\Users\\M. Mohamed Al Favaj\\OneDrive\\Desktop\\Java-Script-Training\\react\\session4\\src\\services\\intern-service.ts","statementMap":{"0":{"start":{"line":7,"column":2},"end":{"line":13,"column":null}},"1":{"start":{"line":19,"column":2},"end":{"line":21,"column":null}},"2":{"start":{"line":20,"column":4},"end":{"line":20,"column":null}},"3":{"start":{"line":23,"column":2},"end":{"line":25,"column":null}},"4":{"start":{"line":24,"column":4},"end":{"line":24,"column":null}},"5":{"start":{"line":27,"column":2},"end":{"line":27,"column":null}},"6":{"start":{"line":31,"column":2},"end":{"line":33,"column":null}},"7":{"start":{"line":32,"column":4},"end":{"line":32,"column":null}},"8":{"start":{"line":35,"column":16},"end":{"line":38,"column":null}},"9":{"start":{"line":36,"column":21},"end":{"line":36,"column":null}},"10":{"start":{"line":40,"column":2},"end":{"line":40,"column":null}},"11":{"start":{"line":46,"column":2},"end":{"line":46,"column":null}},"12":{"start":{"line":53,"column":21},"end":{"line":53,"column":null}},"13":{"start":{"line":55,"column":2},"end":{"line":57,"column":null}},"14":{"start":{"line":56,"column":4},"end":{"line":56,"column":null}},"15":{"start":{"line":59,"column":2},"end":{"line":64,"column":null}},"16":{"start":{"line":60,"column":4},"end":{"line":62,"column":null}}},"fnMap":{"0":{"name":"createIntern","decl":{"start":{"line":3,"column":16},"end":{"line":3,"column":null}},"loc":{"start":{"line":6,"column":10},"end":{"line":14,"column":null}},"line":6},"1":{"name":"validateInternForm","decl":{"start":{"line":16,"column":16},"end":{"line":16,"column":null}},"loc":{"start":{"line":18,"column":17},"end":{"line":28,"column":null}},"line":18},"2":{"name":"calculateAverageScore","decl":{"start":{"line":30,"column":16},"end":{"line":30,"column":38}},"loc":{"start":{"line":30,"column":65},"end":{"line":41,"column":null}},"line":30},"3":{"name":"(anonymous_3)","decl":{"start":{"line":35,"column":24},"end":{"line":35,"column":null}},"loc":{"start":{"line":36,"column":21},"end":{"line":36,"column":null}},"line":36},"4":{"name":"getScoreLabel","decl":{"start":{"line":43,"column":16},"end":{"line":43,"column":null}},"loc":{"start":{"line":45,"column":19},"end":{"line":47,"column":null}},"line":45},"5":{"name":"filterInterns","decl":{"start":{"line":49,"column":16},"end":{"line":49,"column":null}},"loc":{"start":{"line":52,"column":12},"end":{"line":65,"column":null}},"line":52},"6":{"name":"(anonymous_6)","decl":{"start":{"line":59,"column":17},"end":{"line":59,"column":25}},"loc":{"start":{"line":59,"column":36},"end":{"line":64,"column":3}},"line":59}},"branchMap":{"0":{"loc":{"start":{"line":5,"column":2},"end":{"line":5,"column":null}},"type":"default-arg","locations":[{"start":{"line":5,"column":29},"end":{"line":5,"column":null}}],"line":5},"1":{"loc":{"start":{"line":19,"column":2},"end":{"line":21,"column":null}},"type":"if","locations":[{"start":{"line":19,"column":2},"end":{"line":21,"column":null}},{"start":{},"end":{}}],"line":19},"2":{"loc":{"start":{"line":23,"column":2},"end":{"line":25,"column":null}},"type":"if","locations":[{"start":{"line":23,"column":2},"end":{"line":25,"column":null}},{"start":{},"end":{}}],"line":23},"3":{"loc":{"start":{"line":23,"column":6},"end":{"line":23,"column":42}},"type":"binary-expr","locations":[{"start":{"line":23,"column":6},"end":{"line":23,"column":24}},{"start":{"line":23,"column":24},"end":{"line":23,"column":42}}],"line":23},"4":{"loc":{"start":{"line":31,"column":2},"end":{"line":33,"column":null}},"type":"if","locations":[{"start":{"line":31,"column":2},"end":{"line":33,"column":null}},{"start":{},"end":{}}],"line":31},"5":{"loc":{"start":{"line":46,"column":9},"end":{"line":46,"column":null}},"type":"cond-expr","locations":[{"start":{"line":46,"column":23},"end":{"line":46,"column":32}},{"start":{"line":46,"column":32},"end":{"line":46,"column":null}}],"line":46},"6":{"loc":{"start":{"line":55,"column":2},"end":{"line":57,"column":null}},"type":"if","locations":[{"start":{"line":55,"column":2},"end":{"line":57,"column":null}},{"start":{},"end":{}}],"line":55},"7":{"loc":{"start":{"line":61,"column":6},"end":{"line":62,"column":null}},"type":"binary-expr","locations":[{"start":{"line":61,"column":6},"end":{"line":61,"column":null}},{"start":{"line":62,"column":6},"end":{"line":62,"column":null}}],"line":61}},"s":{"0":3,"1":12,"2":4,"3":8,"4":1,"5":7,"6":4,"7":1,"8":3,"9":6,"10":3,"11":3,"12":5,"13":5,"14":1,"15":4,"16":8},"f":{"0":3,"1":12,"2":4,"3":6,"4":3,"5":5,"6":8},"b":{"0":[3],"1":[4,8],"2":[1,7],"3":[8,8],"4":[1,3],"5":[2,1],"6":[1,4],"7":[8,6]},"meta":{"lastBranch":8,"lastFunction":7,"lastStatement":17,"seen":{"f:3:16:3:Infinity":0,"b:5:29:5:Infinity":0,"s:7:2:13:Infinity":0,"f:16:16:16:Infinity":1,"b:19:2:21:Infinity:undefined:undefined:undefined:undefined":1,"s:19:2:21:Infinity":1,"s:20:4:20:Infinity":2,"b:23:2:25:Infinity:undefined:undefined:undefined:undefined":2,"s:23:2:25:Infinity":3,"b:23:6:23:24:23:24:23:42":3,"s:24:4:24:Infinity":4,"s:27:2:27:Infinity":5,"f:30:16:30:38":2,"b:31:2:33:Infinity:undefined:undefined:undefined:undefined":4,"s:31:2:33:Infinity":6,"s:32:4:32:Infinity":7,"s:35:16:38:Infinity":8,"f:35:24:35:Infinity":3,"s:36:21:36:Infinity":9,"s:40:2:40:Infinity":10,"f:43:16:43:Infinity":4,"s:46:2:46:Infinity":11,"b:46:23:46:32:46:32:46:Infinity":5,"f:49:16:49:Infinity":5,"s:53:21:53:Infinity":12,"b:55:2:57:Infinity:undefined:undefined:undefined:undefined":6,"s:55:2:57:Infinity":13,"s:56:4:56:Infinity":14,"s:59:2:64:Infinity":15,"f:59:17:59:25":6,"s:60:4:62:Infinity":16,"b:61:6:61:Infinity:62:6:62:Infinity":7},"fnNames":{}}}
,"C:\\Users\\M. Mohamed Al Favaj\\OneDrive\\Desktop\\Java-Script-Training\\react\\session4\\src\\utils\\generate-id.ts": {"path":"C:\\Users\\M. Mohamed Al Favaj\\OneDrive\\Desktop\\Java-Script-Training\\react\\session4\\src\\utils\\generate-id.ts","statementMap":{"0":{"start":{"line":2,"column":39},"end":{"line":2,"column":null}},"1":{"start":{"line":3,"column":39},"end":{"line":3,"column":null}},"2":{"start":{"line":5,"column":2},"end":{"line":5,"column":null}}},"fnMap":{"0":{"name":"generateInternId","decl":{"start":{"line":1,"column":16},"end":{"line":1,"column":null}},"loc":{"start":{"line":4,"column":10},"end":{"line":6,"column":null}},"line":4},"1":{"name":"(anonymous_1)","decl":{"start":{"line":2,"column":2},"end":{"line":2,"column":39}},"loc":{"start":{"line":2,"column":39},"end":{"line":2,"column":null}},"line":2},"2":{"name":"(anonymous_2)","decl":{"start":{"line":3,"column":2},"end":{"line":3,"column":39}},"loc":{"start":{"line":3,"column":39},"end":{"line":3,"column":null}},"line":3}},"branchMap":{"0":{"loc":{"start":{"line":2,"column":2},"end":{"line":2,"column":null}},"type":"default-arg","locations":[{"start":{"line":2,"column":2},"end":{"line":2,"column":null}}],"line":2},"1":{"loc":{"start":{"line":3,"column":2},"end":{"line":3,"column":null}},"type":"default-arg","locations":[{"start":{"line":3,"column":2},"end":{"line":3,"column":null}}],"line":3}},"s":{"0":1,"1":1,"2":4},"f":{"0":4,"1":1,"2":1},"b":{"0":[1],"1":[1]},"meta":{"lastBranch":2,"lastFunction":3,"lastStatement":3,"seen":{"f:1:16:1:Infinity":0,"b:2:2:2:Infinity":0,"f:2:2:2:39":1,"s:2:39:2:Infinity":0,"b:3:2:3:Infinity":1,"f:3:2:3:39":2,"s:3:39:3:Infinity":1,"s:5:2:5:Infinity":2},"fnNames":{}}}
,"C:\\Users\\M. Mohamed Al Favaj\\OneDrive\\Desktop\\Java-Script-Training\\react\\session4\\src\\utils\\intern-request.ts": {"path":"C:\\Users\\M. Mohamed Al Favaj\\OneDrive\\Desktop\\Java-Script-Training\\react\\session4\\src\\utils\\intern-request.ts","statementMap":{"0":{"start":{"line":12,"column":2},"end":{"line":15,"column":null}}},"fnMap":{"0":{"name":"prepareInternPayload","decl":{"start":{"line":8,"column":16},"end":{"line":8,"column":37}},"loc":{"start":{"line":11,"column":2},"end":{"line":16,"column":null}},"line":11}},"branchMap":{},"s":{"0":1},"f":{"0":1},"b":{},"meta":{"lastBranch":0,"lastFunction":1,"lastStatement":1,"seen":{"f:8:16:8:37":0,"s:12:2:15:Infinity":0},"fnNames":{}}}
,"C:\\Users\\M. Mohamed Al Favaj\\OneDrive\\Desktop\\Java-Script-Training\\react\\session4\\src\\utils\\intern-utils.ts": {"path":"C:\\Users\\M. Mohamed Al Favaj\\OneDrive\\Desktop\\Java-Script-Training\\react\\session4\\src\\utils\\intern-utils.ts","statementMap":{"0":{"start":{"line":10,"column":25},"end":{"line":10,"column":null}},"1":{"start":{"line":12,"column":2},"end":{"line":14,"column":null}},"2":{"start":{"line":13,"column":4},"end":{"line":13,"column":null}},"3":{"start":{"line":16,"column":2},"end":{"line":21,"column":null}},"4":{"start":{"line":17,"column":17},"end":{"line":17,"column":null}},"5":{"start":{"line":18,"column":17},"end":{"line":18,"column":null}},"6":{"start":{"line":20,"column":4},"end":{"line":20,"column":null}}},"fnMap":{"0":{"name":"filterInterns","decl":{"start":{"line":6,"column":16},"end":{"line":6,"column":null}},"loc":{"start":{"line":9,"column":7},"end":{"line":22,"column":null}},"line":9},"1":{"name":"(anonymous_1)","decl":{"start":{"line":16,"column":17},"end":{"line":16,"column":25}},"loc":{"start":{"line":16,"column":36},"end":{"line":21,"column":3}},"line":16}},"branchMap":{"0":{"loc":{"start":{"line":12,"column":2},"end":{"line":14,"column":null}},"type":"if","locations":[{"start":{"line":12,"column":2},"end":{"line":14,"column":null}},{"start":{},"end":{}}],"line":12},"1":{"loc":{"start":{"line":20,"column":11},"end":{"line":20,"column":null}},"type":"binary-expr","locations":[{"start":{"line":20,"column":11},"end":{"line":20,"column":44}},{"start":{"line":20,"column":44},"end":{"line":20,"column":null}}],"line":20}},"s":{"0":5,"1":5,"2":1,"3":4,"4":12,"5":12,"6":12},"f":{"0":5,"1":12},"b":{"0":[1,4],"1":[12,11]},"meta":{"lastBranch":2,"lastFunction":2,"lastStatement":7,"seen":{"f:6:16:6:Infinity":0,"s:10:25:10:Infinity":0,"b:12:2:14:Infinity:undefined:undefined:undefined:undefined":0,"s:12:2:14:Infinity":1,"s:13:4:13:Infinity":2,"s:16:2:21:Infinity":3,"f:16:17:16:25":1,"s:17:17:17:Infinity":4,"s:18:17:18:Infinity":5,"s:20:4:20:Infinity":6,"b:20:11:20:44:20:44:20:Infinity":1},"fnNames":{}}}
,"C:\\Users\\M. Mohamed Al Favaj\\OneDrive\\Desktop\\Java-Script-Training\\react\\session4\\src\\utils\\intern-validation.ts": {"path":"C:\\Users\\M. Mohamed Al Favaj\\OneDrive\\Desktop\\Java-Script-Training\\react\\session4\\src\\utils\\intern-validation.ts","statementMap":{"0":{"start":{"line":5,"column":2},"end":{"line":7,"column":null}},"1":{"start":{"line":6,"column":4},"end":{"line":6,"column":null}},"2":{"start":{"line":9,"column":2},"end":{"line":11,"column":null}},"3":{"start":{"line":10,"column":4},"end":{"line":10,"column":null}},"4":{"start":{"line":13,"column":2},"end":{"line":13,"column":null}}},"fnMap":{"0":{"name":"validateInternForm","decl":{"start":{"line":1,"column":16},"end":{"line":1,"column":null}},"loc":{"start":{"line":4,"column":17},"end":{"line":14,"column":null}},"line":4}},"branchMap":{"0":{"loc":{"start":{"line":5,"column":2},"end":{"line":7,"column":null}},"type":"if","locations":[{"start":{"line":5,"column":2},"end":{"line":7,"column":null}},{"start":{},"end":{}}],"line":5},"1":{"loc":{"start":{"line":9,"column":2},"end":{"line":11,"column":null}},"type":"if","locations":[{"start":{"line":9,"column":2},"end":{"line":11,"column":null}},{"start":{},"end":{}}],"line":9},"2":{"loc":{"start":{"line":9,"column":6},"end":{"line":9,"column":32}},"type":"binary-expr","locations":[{"start":{"line":9,"column":6},"end":{"line":9,"column":19}},{"start":{"line":9,"column":19},"end":{"line":9,"column":32}}],"line":9}},"s":{"0":7,"1":2,"2":5,"3":2,"4":3},"f":{"0":7},"b":{"0":[2,5],"1":[2,3],"2":[5,4]},"meta":{"lastBranch":3,"lastFunction":1,"lastStatement":5,"seen":{"f:1:16:1:Infinity":0,"b:5:2:7:Infinity:undefined:undefined:undefined:undefined":0,"s:5:2:7:Infinity":0,"s:6:4:6:Infinity":1,"b:9:2:11:Infinity:undefined:undefined:undefined:undefined":1,"s:9:2:11:Infinity":2,"b:9:6:9:19:9:19:9:32":2,"s:10:4:10:Infinity":3,"s:13:2:13:Infinity":4},"fnNames":{}}}
}
